latitude,longitude,satellites,speed,altitude,heading,temperature,bpm,year,month,day,hours,minutes,seconds,centiseconds
45.3562875,9.6787615,9,28.6,70.9,210.5,19.9,92,2021,03,21,16,43,51,60
45.3562767,9.6787515,9,27.2,70.5,210.6,19.9,92,2021,03,21,16,43,51,80
45.3562655,9.6787422,9,26.2,70.0,209.8,19.9,92,2021,03,21,16,43,52,00
45.3562552,9.6787330,9,25.2,69.8,209.9,19.9,92,2021,03,21,16,43,52,20
45.3562460,9.6787248,9,23.5,69.7,210.1,19.9,92,2021,03,21,16,43,52,40
45.3562373,9.6787165,9,22.4,69.7,210.9,19.9,92,2021,03,21,16,43,52,60
45.3562288,9.6787085,9,21.5,69.6,211.1,19.9,92,2021,03,21,16,43,52,80
45.3562210,9.6787007,9,20.6,69.6,211.6,19.9,92,2021,03,21,16,43,53,00
45.3562137,9.6786932,9,19.4,69.5,212.3,19.9,90,2021,03,21,16,43,53,20
45.3562063,9.6786857,9,18.6,69.4,212.9,19.9,90,2021,03,21,16,43,53,40
45.3561997,9.6786788,9,17.5,69.4,213.5,19.9,90,2021,03,21,16,43,53,60
45.3561937,9.6786717,9,16.6,69.3,214.8,19.9,90,2021,03,21,16,43,53,80
45.3561878,9.6786637,9,16.3,69.3,216.5,19.9,90,2021,03,21,16,43,54,00
45.3561825,9.6786555,9,16.0,69.3,219.7,19.9,90,2021,03,21,16,43,54,20
45.3561782,9.6786478,9,15.1,69.2,222.3,19.9,89,2021,03,21,16,43,54,40
45.3561733,9.6786397,9,15.3,69.1,223.9,19.9,89,2021,03,21,16,43,54,60
45.3561690,9.6786310,9,15.3,69.0,227.1,19.9,89,2021,03,21,16,43,54,80
45.3561640,9.6786222,9,16.2,69.1,228.8,19.9,89,2021,03,21,16,43,55,00
45.3561597,9.6786112,9,16.8,68.8,232.2,19.9,89,2021,03,21,16,43,55,20
45.3561553,9.6785998,9,17.5,68.8,234.9,19.9,89,2021,03,21,16,43,55,40
45.3561510,9.6785893,9,17.3,68.5,236.4,19.9,89,2021,03,21,16,43,55,60
45.3561470,9.6785790,9,17.4,68.2,237.8,19.9,88,2021,03,21,16,43,55,80
45.3561428,9.6785670,9,18.0,67.8,239.2,19.9,88,2021,03,21,16,43,56,00
45.3561385,9.6785547,9,18.8,67.8,240.0,19.9,88,2021,03,21,16,43,56,20
45.3561338,9.6785413,9,19.8,67.8,240.8,19.9,88,2021,03,21,16,43,56,40
45.3561288,9.6785287,9,19.8,67.6,240.2,19.9,88,2021,03,21,16,43,56,60
45.3561227,9.6785157,9,20.7,67.6,238.2,19.9,88,2021,03,21,16,43,56,80
45.3561162,9.6785027,9,21.4,67.8,236.2,19.9,88,2021,03,21,16,43,57,00
45.3561092,9.6784907,9,21.4,67.8,233.3,19.9,88,2021,03,21,16,43,57,20
45.3561012,9.6784785,9,22.2,67.8,229.9,19.9,88,2021,03,21,16,43,57,40
45.3560928,9.6784677,9,22.3,67.9,225.9,19.9,88,2021,03,21,16,43,57,60
45.3560840,9.6784573,9,22.5,68.0,222.1,19.9,88,2021,03,21,16,43,57,80
45.3560748,9.6784480,9,22.5,68.0,219.0,19.9,88,2021,03,21,16,43,58,00
45.3560647,9.6784407,9,22.4,68.0,213.6,19.9,88,2021,03,21,16,43,58,20
45.3560542,9.6784335,9,22.8,68.2,208.6,19.9,88,2021,03,21,16,43,58,40
45.3560440,9.6784273,9,22.4,68.2,204.8,19.9,88,2021,03,21,16,43,58,60
45.3560318,9.6784222,9,23.4,68.1,200.8,19.9,88,2021,03,21,16,43,58,80
45.3560213,9.6784193,9,22.6,68.1,196.1,19.9,88,2021,03,21,16,43,59,00
45.3560102,9.6784198,9,23.1,68.0,188.6,19.9,88,2021,03,21,16,43,59,20
45.3559988,9.6784225,9,23.8,68.0,180.2,19.9,88,2021,03,21,16,43,59,40
45.3559888,9.6784273,9,23.2,68.1,172.4,19.9,90,2021,03,21,16,43,59,60
45.3559770,9.6784332,9,24.7,68.2,165.1,19.9,90,2021,03,21,16,43,59,80
45.3559673,9.6784420,9,24.3,68.1,157.1,19.9,90,2021,03,21,16,44,00,00
45.3559585,9.6784512,9,23.6,68.3,149.9,19.9,90,2021,03,21,16,44,00,20
45.3559507,9.6784628,9,24.0,68.5,142.2,19.9,90,2021,03,21,16,44,00,40
45.3559440,9.6784750,9,23.5,68.5,135.9,19.9,90,2021,03,21,16,44,00,60
45.3559387,9.6784892,9,23.5,68.6,128.7,19.9,92,2021,03,21,16,44,00,80
45.3559342,9.6785042,9,23.1,68.6,122.2,19.9,92,2021,03,21,16,44,01,00
45.3559310,9.6785215,9,24.3,68.7,114.8,19.9,92,2021,03,21,16,44,01,20
45.3559295,9.6785385,9,23.8,68.5,108.0,19.9,92,2021,03,21,16,44,01,40
45.3559293,9.6785560,9,23.8,68.5,101.5,19.9,92,2021,03,21,16,44,01,60
45.3559293,9.6785740,9,24.4,68.4,96.8,19.9,92,2021,03,21,16,44,01,80
45.3559305,9.6785930,9,25.1,68.3,92.3,19.9,93,2021,03,21,16,44,02,00
45.3559310,9.6786108,9,25.5,68.3,89.9,19.9,93,2021,03,21,16,44,02,20
45.3559322,9.6786292,9,26.1,68.3,87.8,19.9,93,2021,03,21,16,44,02,40
45.3559335,9.6786488,9,26.7,68.3,87.1,19.9,93,2021,03,21,16,44,02,60
45.3559350,9.6786687,9,27.3,68.3,86.8,19.9,93,2021,03,21,16,44,02,80
45.3559362,9.6786885,9,27.9,68.4,87.4,19.9,93,2021,03,21,16,44,03,00
45.3559363,9.6787077,9,28.3,68.5,88.9,19.9,94,2021,03,21,16,44,03,20
45.3559357,9.6787280,9,28.7,68.5,90.8,19.9,94,2021,03,21,16,44,03,40
45.3559340,9.6787483,9,29.7,68.5,93.6,19.9,94,2021,03,21,16,44,03,60
45.3559320,9.6787682,9,30.0,68.6,96.4,19.9,94,2021,03,21,16,44,03,80
45.3559298,9.6787892,9,30.4,68.7,99.2,19.9,94,2021,03,21,16,44,04,00
45.3559268,9.6788110,9,30.9,68.8,101.6,19.9,94,2021,03,21,16,44,04,20
45.3559227,9.6788328,9,31.6,68.8,104.6,19.9,94,2021,03,21,16,44,04,40
45.3559177,9.6788543,9,32.2,68.8,106.7,19.9,94,2021,03,21,16,44,04,60
45.3559123,9.6788757,9,32.3,68.8,109.0,19.9,95,2021,03,21,16,44,04,80
45.3559062,9.6788978,9,33.3,68.9,111.3,19.9,95,2021,03,21,16,44,05,00
45.3559000,9.6789188,9,32.8,68.9,113.0,19.9,95,2021,03,21,16,44,05,20
45.3558932,9.6789400,9,33.0,68.9,114.4,19.9,95,2021,03,21,16,44,05,40
45.3558860,9.6789608,9,32.8,68.9,116.0,19.9,95,2021,03,21,16,44,05,60
45.3558787,9.6789815,9,32.7,68.9,116.7,19.9,95,2021,03,21,16,44,05,80
45.3558712,9.6790023,9,32.8,68.9,117.2,19.9,95,2021,03,21,16,44,06,00
45.3558638,9.6790237,9,33.4,68.9,117.0,19.9,95,2021,03,21,16,44,06,20
45.3558560,9.6790453,9,34.0,68.9,117.3,19.9,95,2021,03,21,16,44,06,40
45.3558482,9.6790675,9,34.6,69.0,117.1,19.9,95,2021,03,21,16,44,06,60
45.3558403,9.6790897,9,35.0,69.0,117.4,19.9,95,2021,03,21,16,44,06,80
45.3558237,9.6791353,9,36.2,69.1,117.4,19.9,96,2021,03,21,16,44,07,20
45.3558153,9.6791590,9,37.0,69.2,117.2,19.9,96,2021,03,21,16,44,07,40
45.3558067,9.6791830,9,37.6,69.2,117.3,19.9,96,2021,03,21,16,44,07,60
45.3557980,9.6792077,9,38.4,69.2,117.2,19.9,96,2021,03,21,16,44,07,80
45.3557892,9.6792322,9,38.7,69.2,117.2,19.9,96,2021,03,21,16,44,08,00
45.3557803,9.6792573,9,39.5,69.3,117.0,19.9,96,2021,03,21,16,44,08,20
45.3557713,9.6792828,9,39.9,69.3,116.9,19.9,96,2021,03,21,16,44,08,40
45.3557623,9.6793090,9,40.7,69.3,116.8,19.9,96,2021,03,21,16,44,08,60
45.3557530,9.6793352,9,41.1,69.3,116.9,19.9,96,2021,03,21,16,44,08,80
45.3557440,9.6793618,9,41.7,69.3,116.7,19.9,96,2021,03,21,16,44,09,00
45.3557347,9.6793888,9,42.2,69.3,116.6,19.9,96,2021,03,21,16,44,09,20
45.3557252,9.6794163,9,42.8,69.3,116.6,19.9,96,2021,03,21,16,44,09,40
45.3557157,9.6794440,9,43.3,69.3,116.5,19.9,96,2021,03,21,16,44,09,60
45.3557060,9.6794717,9,43.4,69.3,116.7,19.9,96,2021,03,21,16,44,09,80
45.3556960,9.6794997,9,43.9,69.4,116.8,19.9,96,2021,03,21,16,44,10,00
45.3556860,9.6795283,9,44.6,69.4,116.7,19.9,96,2021,03,21,16,44,10,20
45.3556762,9.6795568,9,44.7,69.4,116.6,19.9,96,2021,03,21,16,44,10,40
45.3556658,9.6795855,9,45.3,69.4,117.0,19.9,96,2021,03,21,16,44,10,60
45.3556555,9.6796147,9,45.7,69.4,117.2,19.9,96,2021,03,21,16,44,10,80
45.3556448,9.6796437,9,46.1,69.5,117.4,19.9,96,2021,03,21,16,44,11,00
45.3556342,9.6796730,9,46.3,69.5,117.5,19.9,96,2021,03,21,16,44,11,20
45.3556233,9.6797023,9,46.7,69.5,117.8,19.9,96,2021,03,21,16,44,11,40
45.3556123,9.6797320,9,47.1,69.5,117.9,19.9,96,2021,03,21,16,44,11,60
45.3556012,9.6797620,9,47.6,69.5,118.0,19.9,96,2021,03,21,16,44,11,80
45.3555900,9.6797918,9,47.7,69.5,118.1,19.9,96,2021,03,21,16,44,12,00
45.3555785,9.6798220,9,48.3,69.5,118.4,19.9,95,2021,03,21,16,44,12,20
45.3555670,9.6798522,9,48.4,69.5,118.4,19.9,95,2021,03,21,16,44,12,40
45.3555555,9.6798825,9,48.4,69.5,118.4,19.9,95,2021,03,21,16,44,12,60
45.3555442,9.6799123,9,48.0,69.6,118.5,19.9,95,2021,03,21,16,44,12,80
45.3555330,9.6799427,9,48.2,69.5,118.3,19.9,95,2021,03,21,16,44,13,00
45.3555215,9.6799727,9,48.2,69.6,118.4,19.9,95,2021,03,21,16,44,13,20
45.3554982,9.6800333,9,48.6,69.6,118.9,19.9,95,2021,03,21,16,44,13,60
45.3554865,9.6800642,9,49.2,69.6,118.6,19.9,95,2021,03,21,16,44,13,80
45.3554745,9.6800948,9,49.3,69.6,119.0,19.9,95,2021,03,21,16,44,14,00
45.3554623,9.6801258,9,50.0,69.6,119.0,19.9,95,2021,03,21,16,44,14,20
45.3554503,9.6801568,9,49.9,69.6,119.1,19.9,95,2021,03,21,16,44,14,40
45.3554382,9.6801880,9,50.2,69.7,119.1,19.9,95,2021,03,21,16,44,14,60
45.3554258,9.6802190,9,50.2,69.6,119.3,19.9,95,2021,03,21,16,44,14,80
45.3554138,9.6802502,9,50.2,69.6,119.3,19.9,95,2021,03,21,16,44,15,00
45.3554015,9.6802813,9,50.2,69.6,119.5,19.9,95,2021,03,21,16,44,15,20
45.3553893,9.6803125,9,50.2,69.7,119.2,19.9,95,2021,03,21,16,44,15,40
45.3553772,9.6803435,9,50.0,69.7,119.2,19.9,95,2021,03,21,16,44,15,60
45.3553645,9.6803747,9,50.4,69.7,119.7,19.9,95,2021,03,21,16,44,15,80
45.3553523,9.6804057,9,50.0,69.7,119.4,19.9,95,2021,03,21,16,44,16,00
45.3553405,9.6804368,9,49.9,69.7,119.2,19.9,95,2021,03,21,16,44,16,20
45.3553282,9.6804678,9,50.1,69.8,119.4,19.9,95,2021,03,21,16,44,16,40
45.3553165,9.6804992,9,50.1,69.7,118.8,19.9,95,2021,03,21,16,44,16,60
45.3553045,9.6805302,9,49.7,69.8,118.9,19.9,95,2021,03,21,16,44,16,80
45.3552925,9.6805612,9,49.7,69.8,118.9,19.9,95,2021,03,21,16,44,17,00
45.3552810,9.6805923,9,49.7,69.8,118.6,19.9,95,2021,03,21,16,44,17,20
45.3552693,9.6806230,9,49.4,69.8,118.6,19.9,95,2021,03,21,16,44,17,40
45.3552580,9.6806540,9,49.2,69.8,118.3,19.9,95,2021,03,21,16,44,17,60
45.3552467,9.6806848,9,49.2,69.8,118.3,19.9,95,2021,03,21,16,44,17,80
45.3552353,9.6807153,9,48.9,69.9,118.1,19.9,95,2021,03,21,16,44,18,00
45.3552130,9.6807763,9,48.4,69.8,118.0,19.9,95,2021,03,21,16,44,18,40
45.3552020,9.6808065,9,48.2,69.8,117.8,19.9,94,2021,03,21,16,44,18,60
45.3551913,9.6808363,9,47.6,69.9,117.4,19.9,94,2021,03,21,16,44,18,80
45.3551807,9.6808660,9,47.5,69.8,117.4,19.9,94,2021,03,21,16,44,19,00
45.3551697,9.6808955,9,47.2,69.8,117.8,19.9,94,2021,03,21,16,44,19,20
45.3551592,9.6809252,9,47.0,69.8,117.3,19.9,94,2021,03,21,16,44,19,40
45.3551487,9.6809547,9,46.8,69.8,117.3,19.9,94,2021,03,21,16,44,19,60
45.3551383,9.6809840,9,46.5,69.8,117.2,19.9,94,2021,03,21,16,44,19,80
45.3551277,9.6810130,9,46.3,69.8,117.4,19.9,94,2021,03,21,16,44,20,00
45.3551173,9.6810418,9,46.0,69.8,117.3,19.9,94,2021,03,21,16,44,20,20
45.3551070,9.6810705,9,45.6,69.8,117.2,19.9,94,2021,03,21,16,44,20,40
45.3550970,9.6810988,9,45.0,69.8,117.0,19.9,94,2021,03,21,16,44,20,60
45.3550870,9.6811265,9,44.2,69.9,117.2,19.9,94,2021,03,21,16,44,20,80
45.3550772,9.6811540,9,43.7,69.8,117.2,19.9,94,2021,03,21,16,44,21,00
45.3550677,9.6811807,9,42.6,69.9,116.9,19.9,93,2021,03,21,16,44,21,20
45.3550583,9.6812067,9,41.5,69.9,117.0,19.9,93,2021,03,21,16,44,21,40
45.3550493,9.6812318,9,40.3,69.9,116.9,19.9,93,2021,03,21,16,44,21,60
45.3550407,9.6812557,9,38.7,69.9,117.1,19.9,93,2021,03,21,16,44,21,80
45.3550323,9.6812793,9,37.6,70.0,116.9,19.9,93,2021,03,21,16,44,22,00
45.3550242,9.6813020,9,36.5,70.0,117.2,19.9,93,2021,03,21,16,44,22,20
45.3550165,9.6813243,9,35.4,70.0,117.1,19.9,94,2021,03,21,16,44,22,40
45.3550088,9.6813465,9,34.9,70.0,116.8,19.9,94,2021,03,21,16,44,22,60
45.3550013,9.6813678,9,34.0,70.0,116.9,19.9,94,2021,03,21,16,44,22,80
45.3549940,9.6813888,9,33.3,70.0,117.0,19.9,94,2021,03,21,16,44,23,00
45.3549867,9.6814090,9,32.3,70.0,117.3,19.9,94,2021,03,21,16,44,23,20
45.3549795,9.6814288,9,31.7,70.1,117.4,19.9,94,2021,03,21,16,44,23,40
45.3549725,9.6814482,9,30.9,70.0,117.5,19.9,94,2021,03,21,16,44,23,60
45.3549657,9.6814665,9,29.7,70.0,118.2,19.9,94,2021,03,21,16,44,23,80
45.3549588,9.6814845,9,29.1,70.1,118.1,19.9,94,2021,03,21,16,44,24,00
45.3549520,9.6815015,9,28.0,70.0,118.8,19.9,94,2021,03,21,16,44,24,20
45.3549448,9.6815183,9,27.9,70.1,119.7,19.9,94,2021,03,21,16,44,24,40
45.3549377,9.6815348,9,27.4,70.0,120.5,19.9,94,2021,03,21,16,44,24,60
45.3549302,9.6815510,9,27.3,70.0,121.7,19.9,94,2021,03,21,16,44,24,80
45.3549140,9.6815820,9,27.2,70.0,124.6,19.9,94,2021,03,21,16,44,25,20
45.3549048,9.6815972,9,27.7,70.1,126.6,19.9,94,2021,03,21,16,44,25,40
45.3548960,9.6816122,9,27.7,70.1,128.0,19.9,94,2021,03,21,16,44,25,60
45.3548863,9.6816272,9,28.6,70.0,129.7,19.9,94,2021,03,21,16,44,25,80
45.3548767,9.6816423,9,29.0,70.0,131.0,19.9,94,2021,03,21,16,44,26,00
45.3548670,9.6816575,9,29.3,70.0,131.4,19.9,94,2021,03,21,16,44,26,20
45.3548572,9.6816735,9,29.9,70.0,130.6,19.9,94,2021,03,21,16,44,26,40
45.3548477,9.6816902,9,30.3,70.0,129.3,19.9,94,2021,03,21,16,44,26,60
45.3548385,9.6817080,9,31.0,70.1,127.2,19.9,94,2021,03,21,16,44,26,80
45.3548295,9.6817263,9,31.4,70.2,125.2,19.9,94,2021,03,21,16,44,27,00
45.3548213,9.6817455,9,31.4,70.2,122.6,19.9,94,2021,03,21,16,44,27,20
45.3548135,9.6817655,9,32.0,70.3,120.0,19.9,94,2021,03,21,16,44,27,40
45.3548060,9.6817862,9,32.6,70.4,117.8,19.9,94,2021,03,21,16,44,27,60
45.3547995,9.6818077,9,32.8,70.5,115.4,19.9,94,2021,03,21,16,44,27,80
45.3547928,9.6818295,9,33.2,70.5,114.2,19.9,94,2021,03,21,16,44,28,00
45.3547870,9.6818520,9,33.8,70.4,112.1,19.9,94,2021,03,21,16,44,28,20
45.3547812,9.6818748,9,34.2,70.4,110.8,19.9,94,2021,03,21,16,44,28,40
45.3547757,9.6818982,9,34.7,70.4,109.6,19.9,95,2021,03,21,16,44,28,60
45.3547700,9.6819225,9,35.8,70.3,108.9,19.9,95,2021,03,21,16,44,28,80
45.3547637,9.6819468,9,36.4,70.2,109.6,19.9,95,2021,03,21,16,44,29,00
45.3547572,9.6819717,9,37.1,70.2,109.7,19.9,95,2021,03,21,16,44,29,20
45.3547503,9.6819967,9,37.8,70.2,110.2,19.9,95,2021,03,21,16,44,29,40
45.3547430,9.6820223,9,38.6,70.1,111.0,19.9,95,2021,03,21,16,44,29,60
45.3547355,9.6820480,9,39.3,70.1,111.7,19.9,97,2021,03,21,16,44,29,80
45.3547278,9.6820742,9,39.8,70.1,112.4,19.9,97,2021,03,21,16,44,30,00
45.3547198,9.6821010,9,40.9,70.1,112.9,19.9,97,2021,03,21,16,44,30,20
45.3547113,9.6821278,9,41.5,70.0,113.6,19.9,97,2021,03,21,16,44,30,40
45.3547025,9.6821553,9,42.4,70.0,114.1,19.9,97,2021,03,21,16,44,30,60
45.3546933,9.6821837,9,43.4,69.9,114.9,19.9,97,2021,03,21,16,44,30,80
45.3546840,9.6822118,9,43.9,69.9,115.0,19.9,97,2021,03,21,16,44,31,00
45.3546745,9.6822410,9,44.8,69.8,115.2,19.9,97,2021,03,21,16,44,31,20
45.3546643,9.6822700,9,45.7,69.9,115.5,19.9,97,2021,03,21,16,44,31,40
45.3546542,9.6823000,9,46.6,69.9,115.5,19.9,97,2021,03,21,16,44,31,60
45.3546437,9.6823302,9,47.2,69.9,115.9,19.9,97,2021,03,21,16,44,31,80
45.3546333,9.6823615,9,48.3,69.9,115.6,19.9,97,2021,03,21,16,44,32,00
45.3546228,9.6823923,9,48.4,69.9,115.6,19.9,97,2021,03,21,16,44,32,20
45.3546120,9.6824233,9,48.6,69.9,115.7,19.9,98,2021,03,21,16,44,32,40
45.3546017,9.6824542,9,48.3,69.8,115.7,19.9,98,2021,03,21,16,44,32,60
45.3545912,9.6824852,9,48.5,69.8,115.6,19.9,98,2021,03,21,16,44,32,80
45.3545810,9.6825162,9,48.3,69.8,115.7,19.9,98,2021,03,21,16,44,33,00
45.3545705,9.6825477,9,49.0,69.7,115.7,19.9,98,2021,03,21,16,44,33,20
45.3545600,9.6825792,9,48.9,69.7,115.5,19.9,98,2021,03,21,16,44,33,40
45.3545493,9.6826112,9,49.7,69.7,115.4,19.9,98,2021,03,21,16,44,33,60
45.3545382,9.6826435,9,50.4,69.6,115.8,19.9,98,2021,03,21,16,44,33,80
45.3545272,9.6826762,8,50.8,69.6,115.5,19.9,98,2021,03,21,16,44,34,00
45.3545162,9.6827092,8,51.2,69.6,115.4,19.9,98,2021,03,21,16,44,34,20
45.3545052,9.6827425,8,51.7,69.6,115.2,19.9,98,2021,03,21,16,44,34,40
45.3544937,9.6827760,8,52.2,69.6,115.4,19.9,98,2021,03,21,16,44,34,60
45.3544822,9.6828102,8,52.8,69.6,115.4,19.9,98,2021,03,21,16,44,34,80
45.3544708,9.6828445,8,53.4,69.6,115.3,19.9,98,2021,03,21,16,44,35,00
45.3544587,9.6828787,9,53.7,69.6,116.1,19.9,98,2021,03,21,16,44,35,20
45.3544468,9.6829133,9,54.3,69.6,116.1,19.9,98,2021,03,21,16,44,35,40
45.3544347,9.6829485,9,55.0,69.6,116.3,19.9,98,2021,03,21,16,44,35,60
45.3544222,9.6829842,9,55.6,69.5,116.3,19.9,98,2021,03,21,16,44,35,80
45.3544095,9.6830202,9,56.5,69.6,116.5,19.9,98,2021,03,21,16,44,36,00
45.3543963,9.6830568,9,57.4,69.6,116.7,19.9,98,2021,03,21,16,44,36,20
45.3543830,9.6830937,9,58.0,69.7,116.7,19.9,98,2021,03,21,16,44,36,40
45.3543695,9.6831308,9,58.4,69.6,117.0,19.9,98,2021,03,21,16,44,36,60
45.3543558,9.6831682,9,58.7,69.4,117.0,19.9,98,2021,03,21,16,44,36,80
45.3543422,9.6832057,9,59.2,69.4,117.1,19.9,98,2021,03,21,16,44,37,00
45.3543288,9.6832432,9,59.1,69.4,117.0,19.9,99,2021,03,21,16,44,37,20
45.3543148,9.6832812,9,59.9,69.4,117.1,19.9,99,2021,03,21,16,44,37,40
45.3543007,9.6833195,9,60.6,69.4,117.1,19.9,99,2021,03,21,16,44,37,60
45.3542865,9.6833580,9,60.9,69.4,117.2,19.9,99,2021,03,21,16,44,37,80
45.3542723,9.6833973,9,61.6,69.4,117.1,19.9,99,2021,03,21,16,44,38,00
45.3542580,9.6834368,9,62.1,69.4,117.1,19.9,100,2021,03,21,16,44,38,20
45.3542433,9.6834767,9,62.7,69.5,117.0,19.9,100,2021,03,21,16,44,38,40
45.3542292,9.6835170,9,63.2,69.4,116.7,19.9,100,2021,03,21,16,44,38,60
45.3542138,9.6835573,9,63.7,69.4,117.5,19.9,100,2021,03,21,16,44,38,80
45.3541987,9.6835983,9,64.4,69.3,117.5,19.9,100,2021,03,21,16,44,39,00
45.3541835,9.6836395,9,65.0,69.3,117.5,19.9,100,2021,03,21,16,44,39,20
45.3541683,9.6836810,9,65.5,69.3,117.6,19.9,100,2021,03,21,16,44,39,40
45.3541533,9.6837230,9,66.1,69.3,117.5,19.9,100,2021,03,21,16,44,39,60
45.3541378,9.6837655,9,66.9,69.4,117.4,19.9,100,2021,03,21,16,44,39,80
45.3541223,9.6838077,9,67.2,69.4,117.7,19.9,100,2021,03,21,16,44,40,00
45.3541067,9.6838502,9,67.6,69.4,117.6,19.9,100,2021,03,21,16,44,40,20
45.3540908,9.6838933,9,68.3,69.4,117.6,19.9,100,2021,03,21,16,44,40,40
45.3540745,9.6839367,9,68.9,69.4,117.6,19.9,100,2021,03,21,16,44,40,60
45.3540582,9.6839802,9,69.4,69.5,117.6,19.9,100,2021,03,21,16,44,40,80
45.3540418,9.6840238,9,69.6,69.5,117.6,19.9,100,2021,03,21,16,44,41,00
45.3540253,9.6840678,9,70.1,69.5,117.8,19.9,100,2021,03,21,16,44,41,20
45.3540097,9.6841107,9,68.8,69.6,117.4,19.9,100,2021,03,21,16,44,41,40
45.3539942,9.6841537,9,68.4,69.8,117.0,19.9,100,2021,03,21,16,44,41,60
45.3539787,9.6841965,9,68.0,70.1,116.9,19.9,100,2021,03,21,16,44,41,80
45.3539625,9.6842398,9,68.5,70.0,117.3,19.9,101,2021,03,21,16,44,42,00
45.3539470,9.6842833,9,68.5,70.0,117.1,19.9,101,2021,03,21,16,44,42,20
45.3539313,9.6843267,9,68.6,69.9,117.0,19.9,101,2021,03,21,16,44,42,40
45.3539152,9.6843705,9,69.2,70.0,117.2,19.9,101,2021,03,21,16,44,42,60
45.3538992,9.6844143,9,69.5,69.9,117.4,19.9,101,2021,03,21,16,44,42,80
45.3538832,9.6844582,9,69.7,69.9,117.5,19.9,101,2021,03,21,16,44,43,00
45.3538668,9.6845022,9,70.0,69.9,117.6,19.9,101,2021,03,21,16,44,43,20
45.3538507,9.6845465,9,70.4,69.9,117.5,19.9,101,2021,03,21,16,44,43,40
45.3538343,9.6845908,9,70.5,69.8,117.5,19.9,101,2021,03,21,16,44,43,60
45.3538178,9.6846350,9,70.5,69.9,117.5,19.9,101,2021,03,21,16,44,43,80
45.3538013,9.6846797,9,70.8,70.0,117.4,19.9,101,2021,03,21,16,44,44,00
45.3537850,9.6847240,9,70.6,69.9,117.5,19.9,101,2021,03,21,16,44,44,20
45.3537685,9.6847690,9,71.0,69.9,117.4,19.9,101,2021,03,21,16,44,44,40
45.3537523,9.6848138,9,71.2,69.9,117.4,19.9,101,2021,03,21,16,44,44,60
45.3537360,9.6848590,9,71.4,70.0,117.4,19.9,101,2021,03,21,16,44,44,80
45.3537200,9.6849037,9,71.2,70.0,117.3,19.9,101,2021,03,21,16,44,45,00
45.3537037,9.6849485,9,71.1,69.9,117.5,19.9,101,2021,03,21,16,44,45,20
45.3536873,9.6849928,9,70.7,69.7,117.7,19.9,101,2021,03,21,16,44,45,40
45.3536710,9.6850375,9,70.9,69.6,117.7,19.9,100,2021,03,21,16,44,45,60
45.3536547,9.6850825,9,71.1,69.5,117.6,19.9,100,2021,03,21,16,44,45,80
45.3536383,9.6851270,9,71.0,69.4,117.7,19.9,100,2021,03,21,16,44,46,00
45.3536220,9.6851718,9,71.0,69.3,117.7,19.9,100,2021,03,21,16,44,46,20
45.3536055,9.6852162,9,70.9,69.3,117.9,19.9,100,2021,03,21,16,44,46,40
45.3535890,9.6852605,9,70.8,69.2,118.0,19.9,100,2021,03,21,16,44,46,60
45.3535728,9.6853048,9,70.8,69.1,118.0,19.9,99,2021,03,21,16,44,46,80
45.3535563,9.6853490,9,70.6,69.0,117.9,19.9,99,2021,03,21,16,44,47,00
45.3535400,9.6853930,9,70.5,69.0,118.0,19.9,99,2021,03,21,16,44,47,20
45.3535235,9.6854370,9,70.4,69.0,118.1,19.9,99,2021,03,21,16,44,47,40
45.3535070,9.6854805,9,69.9,68.9,118.2,19.9,99,2021,03,21,16,44,47,60
45.3534907,9.6855240,9,69.7,68.9,118.2,19.9,99,2021,03,21,16,44,47,80
45.3534743,9.6855672,9,69.5,68.8,118.2,19.9,99,2021,03,21,16,44,48,00
45.3534580,9.6856105,9,69.3,68.8,118.3,19.9,99,2021,03,21,16,44,48,20
45.3534417,9.6856533,9,68.9,68.7,118.4,19.9,99,2021,03,21,16,44,48,40
45.3534253,9.6856958,9,68.5,68.7,118.5,19.9,99,2021,03,21,16,44,48,60
45.3534092,9.6857388,9,68.5,68.7,118.2,19.9,99,2021,03,21,16,44,48,80
45.3533927,9.6857813,9,68.4,68.6,118.6,19.9,100,2021,03,21,16,44,49,00
45.3533768,9.6858235,9,67.7,68.6,118.4,19.9,100,2021,03,21,16,44,49,20
45.3533607,9.6858660,9,67.7,68.6,118.4,19.9,100,2021,03,21,16,44,49,40
45.3533445,9.6859080,9,67.7,68.5,118.6,19.9,100,2021,03,21,16,44,49,60
45.3533287,9.6859497,9,67.3,68.5,118.6,19.9,100,2021,03,21,16,44,49,60
45.3533127,9.6859910,9,66.8,68.5,118.8,19.9,100,2021,03,21,16,44,50,00
45.3532967,9.6860327,9,66.8,68.4,118.8,19.9,99,2021,03,21,16,44,50,20
45.3532810,9.6860735,9,66.1,68.4,118.9,19.9,99,2021,03,21,16,44,50,40
45.3532650,9.6861140,9,65.7,68.3,119.1,19.9,99,2021,03,21,16,44,50,60
45.3532495,9.6861540,9,65.0,68.3,119.2,19.9,99,2021,03,21,16,44,50,80
45.3532340,9.6861937,9,64.4,68.2,119.4,19.9,99,2021,03,21,16,44,51,00
45.3532187,9.6862328,9,63.6,68.2,119.5,19.9,99,2021,03,21,16,44,51,20
45.3532035,9.6862713,9,62.7,68.1,119.7,19.9,99,2021,03,21,16,44,51,40
45.3531882,9.6863092,9,61.8,68.1,119.9,19.9,99,2021,03,21,16,44,51,60
45.3531732,9.6863465,9,61.0,68.1,120.0,19.9,98,2021,03,21,16,44,51,80
45.3531583,9.6863832,9,60.0,68.0,120.1,19.9,98,2021,03,21,16,44,52,00
45.3531437,9.6864192,9,59.0,68.0,120.0,19.9,98,2021,03,21,16,44,52,20
45.3531293,9.6864545,9,57.9,68.0,119.9,19.9,98,2021,03,21,16,44,52,40
45.3531155,9.6864895,9,56.9,68.0,119.7,19.9,98,2021,03,21,16,44,52,60
45.3531018,9.6865238,9,55.7,67.9,119.4,19.9,98,2021,03,21,16,44,52,80
45.3530885,9.6865577,8,54.6,67.9,119.1,19.9,98,2021,03,21,16,44,53,00
45.3530755,9.6865908,8,53.7,67.9,118.9,19.9,95,2021,03,21,16,44,53,20
45.3530630,9.6866237,8,52.6,67.8,118.5,19.9,95,2021,03,21,16,44,53,40
45.3530508,9.6866557,8,51.4,67.8,118.3,19.9,95,2021,03,21,16,44,53,60
45.3530390,9.6866868,9,50.3,67.8,118.0,19.9,95,2021,03,21,16,44,53,80
45.3530273,9.6867173,9,49.2,67.7,117.9,19.9,95,2021,03,21,16,44,54,00
45.3530162,9.6867475,9,48.1,67.7,117.6,19.9,95,2021,03,21,16,44,54,20
45.3530053,9.6867767,9,46.9,67.6,117.5,19.9,95,2021,03,21,16,44,54,40
45.3529947,9.6868053,9,45.8,67.6,117.2,19.9,95,2021,03,21,16,44,54,60
45.3529843,9.6868330,9,44.5,67.5,117.4,19.9,93,2021,03,21,16,44,54,80
45.3529743,9.6868602,9,43.3,67.5,117.5,19.9,93,2021,03,21,16,44,55,00
45.3529645,9.6868862,9,42.0,67.4,117.4,19.9,93,2021,03,21,16,44,55,20
45.3529552,9.6869118,9,40.9,67.4,117.3,19.9,93,2021,03,21,16,44,55,40
45.3529460,9.6869367,9,39.7,67.4,117.3,19.9,93,2021,03,21,16,44,55,60
45.3529372,9.6869608,9,38.5,67.3,117.1,19.9,93,2021,03,21,16,44,55,80
45.3529288,9.6869842,9,37.3,67.3,116.7,19.9,93,2021,03,21,16,44,56,00
45.3529210,9.6870065,9,35.6,67.2,116.4,19.9,93,2021,03,21,16,44,56,20
45.3529137,9.6870282,9,34.2,67.2,115.9,19.9,93,2021,03,21,16,44,56,40
45.3529067,9.6870493,9,33.2,67.1,115.2,19.9,93,2021,03,21,16,44,56,60
45.3529002,9.6870693,9,31.5,67.1,115.1,19.9,93,2021,03,21,16,44,56,80
45.3528937,9.6870890,9,30.9,67.0,114.8,19.9,93,2021,03,21,16,44,57,00
45.3528877,9.6871078,9,29.5,66.9,114.7,19.9,92,2021,03,21,16,44,57,20
45.3528817,9.6871260,9,28.6,66.9,115.1,19.9,92,2021,03,21,16,44,57,40
45.3528753,9.6871438,9,28.1,66.9,115.5,19.9,92,2021,03,21,16,44,57,60
45.3528688,9.6871610,9,27.5,66.8,116.8,19.9,92,2021,03,21,16,44,57,80
45.3528620,9.6871778,9,27.3,66.8,118.5,19.9,92,2021,03,21,16,44,58,00
45.3528550,9.6871942,9,26.8,66.7,120.0,19.9,92,2021,03,21,16,44,58,20
45.3528472,9.6872100,9,27.0,66.6,122.4,19.9,91,2021,03,21,16,44,58,40
45.3528393,9.6872252,9,26.5,66.5,124.5,19.9,91,2021,03,21,16,44,58,60
45.3528307,9.6872393,9,26.2,66.5,127.5,19.9,91,2021,03,21,16,44,58,80
45.3528218,9.6872538,9,26.4,66.5,129.4,19.9,91,2021,03,21,16,44,59,00
45.3528123,9.6872677,9,26.6,66.4,131.9,19.9,91,2021,03,21,16,44,59,20
45.3528025,9.6872810,9,26.9,66.4,134.3,19.9,91,2021,03,21,16,44,59,40
45.3527917,9.6872942,9,27.5,66.3,137.2,19.9,91,2021,03,21,16,44,59,60
45.3527805,9.6873075,9,28.3,66.3,139.3,19.9,89,2021,03,21,16,44,59,80
45.3527688,9.6873207,9,28.7,66.4,141.3,20.0,89,2021,03,21,16,45,00,00
45.3527567,9.6873335,9,29.5,66.3,143.6,20.0,89,2021,03,21,16,45,00,20
45.3527438,9.6873457,9,30.0,66.3,145.5,20.0,89,2021,03,21,16,45,00,40
45.3527307,9.6873575,9,30.7,66.3,146.6,20.0,89,2021,03,21,16,45,00,60
45.3527173,9.6873700,9,31.4,66.3,147.2,20.0,89,2021,03,21,16,45,00,80
45.3527035,9.6873830,9,32.0,66.3,147.9,20.0,89,2021,03,21,16,45,01,00
45.3526892,9.6873952,9,32.4,66.3,149.1,20.0,89,2021,03,21,16,45,01,20
45.3526745,9.6874073,9,33.1,66.3,150.3,20.0,89,2021,03,21,16,45,01,40
45.3526597,9.6874187,9,33.3,66.3,151.4,20.0,89,2021,03,21,16,45,01,60
45.3526442,9.6874290,9,33.8,66.3,153.3,20.0,89,2021,03,21,16,45,01,80
45.3526285,9.6874388,9,33.8,66.3,155.3,20.0,89,2021,03,21,16,45,02,00
45.3526123,9.6874482,9,34.4,66.3,156.8,20.0,89,2021,03,21,16,45,02,20
45.3525957,9.6874565,9,34.7,66.3,159.1,20.0,89,2021,03,21,16,45,02,40
45.3525788,9.6874638,9,34.8,66.2,161.8,20.0,90,2021,03,21,16,45,02,60
45.3525615,9.6874710,9,35.4,66.2,162.9,20.0,90,2021,03,21,16,45,02,80
45.3525440,9.6874768,9,35.7,66.2,165.0,20.0,90,2021,03,21,16,45,03,00
45.3525260,9.6874823,9,36.1,66.1,166.9,20.0,90,2021,03,21,16,45,03,20
45.3525078,9.6874867,9,36.4,66.1,169.1,20.0,90,2021,03,21,16,45,03,40
45.3524893,9.6874905,9,37.0,66.0,170.6,20.0,90,2021,03,21,16,45,03,60
45.3524705,9.6874937,9,37.4,66.0,172.1,20.0,91,2021,03,21,16,45,03,80
45.3524517,9.6874965,9,37.7,65.9,173.4,20.0,91,2021,03,21,16,45,04,00
45.3524325,9.6874987,9,38.0,66.0,174.9,20.0,91,2021,03,21,16,45,04,20
45.3524132,9.6875002,9,38.4,65.9,175.9,20.0,91,2021,03,21,16,45,04,40
45.3523935,9.6875017,9,38.9,65.9,176.5,20.0,91,2021,03,21,16,45,04,60
45.3523735,9.6875027,9,39.3,65.8,177.3,20.0,91,2021,03,21,16,45,04,80
45.3523533,9.6875033,9,39.8,65.8,178.0,20.0,92,2021,03,21,16,45,05,00
45.3523323,9.6875035,9,40.8,65.7,178.7,20.0,92,2021,03,21,16,45,05,20
45.3523113,9.6875040,9,41.3,65.7,179.1,20.0,92,2021,03,21,16,45,05,40
45.3522900,9.6875042,9,41.9,65.6,179.4,20.0,92,2021,03,21,16,45,05,60
45.3522685,9.6875042,9,42.5,65.6,179.7,20.0,92,2021,03,21,16,45,05,80
45.3522467,9.6875043,9,43.1,65.6,179.7,20.0,92,2021,03,21,16,45,06,00
45.3522252,9.6875047,9,43.3,65.5,179.6,20.0,92,2021,03,21,16,45,06,20
45.3522032,9.6875043,9,43.5,65.4,180.1,20.0,92,2021,03,21,16,45,06,40
45.3521815,9.6875043,9,43.6,65.4,180.0,20.0,91,2021,03,21,16,45,06,60
45.3521597,9.6875040,9,43.6,65.4,180.3,20.0,91,2021,03,21,16,45,06,80
45.3521378,9.6875037,9,43.5,65.4,180.4,20.0,91,2021,03,21,16,45,07,00
45.3521162,9.6875037,9,43.5,65.4,179.9,20.0,91,2021,03,21,16,45,07,20
45.3520943,9.6875030,9,43.4,65.4,180.6,20.0,91,2021,03,21,16,45,07,40
45.3520723,9.6875023,9,43.8,65.4,180.6,20.0,91,2021,03,21,16,45,07,60
45.3520503,9.6875018,9,43.9,65.3,180.7,20.0,91,2021,03,21,16,45,07,80
45.3520288,9.6875012,9,43.6,65.3,180.8,20.0,91,2021,03,21,16,45,08,00
45.3520073,9.6875007,9,43.4,65.2,180.6,20.0,91,2021,03,21,16,45,08,20
45.3519857,9.6874997,9,43.4,65.2,181.1,20.0,91,2021,03,21,16,45,08,40
45.3519643,9.6874990,9,43.0,65.1,180.9,20.0,91,2021,03,21,16,45,08,60
45.3519427,9.6874982,9,43.3,65.1,180.9,20.0,91,2021,03,21,16,45,08,80
45.3519212,9.6874968,9,42.8,65.2,181.6,20.0,91,2021,03,21,16,45,09,00
45.3519002,9.6874965,9,42.6,65.1,180.7,20.0,91,2021,03,21,16,45,09,20
45.3518790,9.6874957,9,42.4,65.1,181.2,20.0,91,2021,03,21,16,45,09,40
45.3518582,9.6874950,9,41.8,65.2,181.1,20.0,91,2021,03,21,16,45,09,60
45.3518382,9.6874947,9,41.2,65.1,181.0,20.0,91,2021,03,21,16,45,09,80
45.3518183,9.6874947,9,40.5,65.1,180.4,20.0,91,2021,03,21,16,45,10,00
45.3517612,9.6874940,9,37.9,65.0,180.9,20.0,93,2021,03,21,16,45,10,60
45.3517423,9.6874940,9,37.1,65.2,180.2,20.0,93,2021,03,21,16,45,10,80
45.3517247,9.6874935,9,36.1,65.2,181.1,20.1,93,2021,03,21,16,45,11,00
45.3517075,9.6874925,9,35.1,65.2,182.2,20.1,93,2021,03,21,16,45,11,20
45.3516907,9.6874915,9,33.9,65.3,182.8,20.1,94,2021,03,21,16,45,11,40
45.3516743,9.6874903,9,33.1,65.3,182.8,20.1,94,2021,03,21,16,45,11,60
45.3516587,9.6874890,9,32.2,65.3,183.5,20.1,94,2021,03,21,16,45,11,80
45.3516435,9.6874873,9,31.2,65.3,184.0,20.1,94,2021,03,21,16,45,12,00
45.3516283,9.6874860,9,30.6,65.3,183.7,20.1,94,2021,03,21,16,45,12,20
45.3516133,9.6874843,9,30.5,65.2,184.4,20.1,94,2021,03,21,16,45,12,40
45.3515992,9.6874827,9,29.6,65.2,184.5,20.1,95,2021,03,21,16,45,12,60
45.3515848,9.6874812,9,29.1,65.2,184.5,20.1,95,2021,03,21,16,45,12,80
45.3515708,9.6874798,9,28.6,65.3,184.1,20.1,95,2021,03,21,16,45,13,00
45.3515568,9.6874785,9,28.2,65.4,183.6,20.1,95,2021,03,21,16,45,13,20
45.3515432,9.6874775,9,27.8,65.5,183.2,20.1,95,2021,03,21,16,45,13,40
45.3515293,9.6874763,9,27.7,65.5,182.8,20.1,95,2021,03,21,16,45,13,60
45.3515155,9.6874753,9,27.5,65.6,182.7,20.1,95,2021,03,21,16,45,13,80
45.3515020,9.6874747,9,27.3,65.5,182.2,20.1,95,2021,03,21,16,45,14,00
45.3514883,9.6874740,9,27.2,65.6,181.6,20.1,95,2021,03,21,16,45,14,20
45.3514747,9.6874735,9,26.9,65.6,181.6,20.1,95,2021,03,21,16,45,14,40
45.3514600,9.6874725,9,28.0,65.7,181.6,20.1,95,2021,03,21,16,45,14,60
45.3514458,9.6874718,9,28.6,65.5,181.5,20.1,95,2021,03,21,16,45,14,80
45.3514312,9.6874715,9,28.5,65.6,181.5,20.1,95,2021,03,21,16,45,15,00
45.3514168,9.6874712,9,28.9,65.5,181.1,20.1,95,2021,03,21,16,45,15,20
45.3514015,9.6874707,9,29.8,65.6,181.0,20.1,94,2021,03,21,16,45,15,40
45.3513865,9.6874702,9,30.0,65.5,181.4,20.1,94,2021,03,21,16,45,15,60
45.3513712,9.6874700,9,30.4,65.5,181.1,20.1,94,2021,03,21,16,45,15,80
45.3513552,9.6874693,9,31.1,65.5,181.5,20.1,94,2021,03,21,16,45,16,00
45.3513390,9.6874688,9,31.8,65.5,181.0,20.1,94,2021,03,21,16,45,16,20
45.3513223,9.6874682,9,32.2,65.6,181.1,20.1,94,2021,03,21,16,45,16,40
45.3513057,9.6874678,9,32.6,65.6,180.8,20.1,95,2021,03,21,16,45,16,60
45.3512888,9.6874673,9,33.3,65.6,181.1,20.1,95,2021,03,21,16,45,16,80
45.3512722,9.6874665,9,33.8,65.4,182.1,20.1,95,2021,03,21,16,45,17,00
45.3512547,9.6874660,9,34.5,65.4,181.6,20.1,95,2021,03,21,16,45,17,20
45.3512367,9.6874658,9,35.0,65.5,180.9,20.1,95,2021,03,21,16,45,17,40
45.3512187,9.6874655,9,35.6,65.5,180.6,20.1,95,2021,03,21,16,45,17,60
45.3512007,9.6874648,9,35.9,65.5,181.1,20.1,96,2021,03,21,16,45,17,80
45.3511820,9.6874638,9,36.7,65.4,181.5,20.1,96,2021,03,21,16,45,18,00
45.3511630,9.6874633,9,37.4,65.4,181.1,20.1,96,2021,03,21,16,45,18,20
45.3511438,9.6874625,9,37.7,65.5,181.1,20.1,96,2021,03,21,16,45,18,40
45.3511247,9.6874618,9,38.1,65.4,181.0,20.1,96,2021,03,21,16,45,18,60
45.3511050,9.6874610,9,38.7,65.4,181.2,20.1,96,2021,03,21,16,45,18,80
45.3510848,9.6874600,9,39.3,65.4,181.3,20.1,95,2021,03,21,16,45,19,00
45.3510643,9.6874588,9,39.9,65.4,181.5,20.1,95,2021,03,21,16,45,19,20
45.3510437,9.6874578,9,40.4,65.4,181.4,20.1,95,2021,03,21,16,45,19,40
45.3510230,9.6874570,9,40.7,65.5,181.4,20.1,95,2021,03,21,16,45,19,60
45.3510018,9.6874558,9,41.3,65.5,181.4,20.1,95,2021,03,21,16,45,19,80
45.3509803,9.6874547,9,41.7,65.6,181.6,20.1,95,2021,03,21,16,45,20,00
45.3509587,9.6874537,9,42.3,65.6,181.4,20.1,95,2021,03,21,16,45,20,20
45.3509368,9.6874523,9,42.7,65.7,181.7,20.1,95,2021,03,21,16,45,20,40
45.3509148,9.6874512,9,43.4,65.7,181.9,20.1,93,2021,03,21,16,45,20,60
45.3508923,9.6874500,9,43.7,65.8,181.6,20.1,93,2021,03,21,16,45,20,80
45.3508695,9.6874485,9,44.5,66.0,182.0,20.1,93,2021,03,21,16,45,21,00
45.3508472,9.6874470,9,44.7,65.9,182.3,20.1,93,2021,03,21,16,45,21,20
45.3508242,9.6874455,9,45.3,65.9,182.4,20.1,93,2021,03,21,16,45,21,40
45.3508015,9.6874440,9,45.5,65.9,182.4,20.1,93,2021,03,21,16,45,21,60
45.3507785,9.6874427,9,45.7,65.9,182.5,20.1,93,2021,03,21,16,45,21,80
45.3507545,9.6874415,9,46.5,66.0,182.0,20.1,93,2021,03,21,16,45,22,00
45.3507303,9.6874402,9,47.6,66.0,181.9,20.1,91,2021,03,21,16,45,22,20
45.3507068,9.6874390,9,47.5,66.0,182.0,20.1,91,2021,03,21,16,45,22,40
45.3506828,9.6874373,9,47.7,66.1,182.3,20.1,91,2021,03,21,16,45,22,60
45.3506582,9.6874362,9,48.4,66.1,182.0,20.1,91,2021,03,21,16,45,22,80
45.3506337,9.6874348,9,48.6,66.1,181.9,20.1,91,2021,03,21,16,45,23,00
45.3506088,9.6874337,9,49.0,66.1,181.8,20.1,91,2021,03,21,16,45,23,20
45.3505840,9.6874327,9,49.4,66.0,181.6,20.1,91,2021,03,21,16,45,23,40
45.3505588,9.6874313,9,49.7,66.0,181.8,20.1,91,2021,03,21,16,45,23,60
45.3505327,9.6874307,9,50.1,66.4,180.7,20.1,91,2021,03,21,16,45,23,80
45.3505067,9.6874298,9,50.4,66.7,180.8,20.1,91,2021,03,21,16,45,24,00
45.3504808,9.6874293,9,50.8,66.8,180.5,20.1,91,2021,03,21,16,45,24,20
45.3504545,9.6874288,9,51.5,67.0,180.3,20.1,91,2021,03,21,16,45,24,40
45.3504283,9.6874285,9,51.9,67.1,180.3,20.1,92,2021,03,21,16,45,24,60
45.3504013,9.6874287,9,52.1,67.5,179.7,20.1,92,2021,03,21,16,45,24,80
45.3503750,9.6874283,9,53.0,67.4,180.2,20.1,92,2021,03,21,16,45,25,00
45.3503485,9.6874285,9,53.1,67.4,179.9,20.1,92,2021,03,21,16,45,25,20
45.3503217,9.6874285,9,53.6,67.4,179.8,20.1,92,2021,03,21,16,45,25,40
45.3502947,9.6874288,9,54.2,67.4,179.5,20.1,92,2021,03,21,16,45,25,60
45.3502677,9.6874295,9,54.4,67.4,179.1,20.1,93,2021,03,21,16,45,25,80
45.3502403,9.6874302,9,54.7,67.4,178.9,20.1,93,2021,03,21,16,45,26,00
45.3502130,9.6874315,9,55.1,67.4,178.3,20.1,93,2021,03,21,16,45,26,20
45.3501853,9.6874328,9,55.3,67.4,178.1,20.1,93,2021,03,21,16,45,26,40
45.3501575,9.6874340,9,55.7,67.4,178.0,20.1,93,2021,03,21,16,45,26,60
45.3501302,9.6874358,9,55.8,67.2,177.8,20.1,93,2021,03,21,16,45,26,80
45.3501025,9.6874382,9,56.1,67.1,176.9,20.1,92,2021,03,21,16,45,27,00
45.3500750,9.6874413,9,56.0,67.0,176.3,20.1,92,2021,03,21,16,45,27,20
45.3500472,9.6874448,9,56.4,67.0,175.5,20.1,92,2021,03,21,16,45,27,40
45.3500197,9.6874495,9,56.3,66.9,174.3,20.1,92,2021,03,21,16,45,27,60
45.3499918,9.6874550,9,56.4,66.9,173.1,20.1,92,2021,03,21,16,45,27,80
45.3499643,9.6874608,9,56.5,66.9,172.3,20.1,92,2021,03,21,16,45,28,00
45.3499370,9.6874678,9,56.5,66.9,171.0,20.1,92,2021,03,21,16,45,28,20
45.3499103,9.6874757,9,56.2,66.8,170.0,20.1,92,2021,03,21,16,45,28,40
45.3498832,9.6874842,9,56.3,66.8,168.9,20.1,89,2021,03,21,16,45,28,60
45.3498572,9.6874942,9,55.8,66.7,167.4,20.1,89,2021,03,21,16,45,28,80
45.3498305,9.6875038,9,55.5,66.7,166.6,20.1,89,2021,03,21,16,45,29,00
45.3498043,9.6875138,9,55.5,66.6,166.0,20.1,89,2021,03,21,16,45,29,20
45.3497785,9.6875245,9,55.1,66.4,165.1,20.1,89,2021,03,21,16,45,29,40
45.3497522,9.6875358,9,55.3,66.4,164.2,20.1,89,2021,03,21,16,45,29,60
45.3497272,9.6875483,9,54.7,66.3,163.1,20.1,89,2021,03,21,16,45,29,80
45.3497022,9.6875627,9,54.4,66.3,161.0,20.1,89,2021,03,21,16,45,30,00
45.3496800,9.6875795,9,53.6,66.0,158.1,20.1,87,2021,03,21,16,45,30,20
45.3496583,9.6876010,9,54.2,65.6,153.9,20.1,87,2021,03,21,16,45,30,40
45.3496362,9.6876228,9,54.6,65.5,150.4,20.1,87,2021,03,21,16,45,30,60
45.3496135,9.6876440,9,54.7,65.4,148.3,20.1,87,2021,03,21,16,45,30,80
45.3495913,9.6876662,9,54.6,65.3,146.6,20.1,87,2021,03,21,16,45,31,00
45.3495700,9.6876897,9,54.6,65.3,145.1,20.1,87,2021,03,21,16,45,31,20
45.3495472,9.6877138,9,54.9,65.6,142.6,20.1,88,2021,03,21,16,45,31,40
45.3495260,9.6877393,9,55.1,65.5,141.4,20.1,88,2021,03,21,16,45,31,60
45.3495055,9.6877653,9,55.2,65.3,139.6,20.1,88,2021,03,21,16,45,31,80
45.3494850,9.6877915,9,55.3,65.1,138.3,20.1,88,2021,03,21,16,45,32,00
45.3494652,9.6878188,9,55.4,65.0,137.3,20.1,88,2021,03,21,16,45,32,20
45.3494473,9.6878477,9,55.3,64.7,135.8,20.1,88,2021,03,21,16,45,32,40
45.3494295,9.6878765,9,55.3,64.4,134.7,20.1,88,2021,03,21,16,45,32,60
45.3494115,9.6879062,9,55.7,64.2,133.6,20.1,89,2021,03,21,16,45,32,80
45.3493932,9.6879362,9,56.0,64.2,132.7,20.1,89,2021,03,21,16,45,33,00
45.3493752,9.6879667,9,56.5,64.0,131.9,20.2,89,2021,03,21,16,45,33,20
45.3493565,9.6879983,9,58.2,63.6,131.9,20.2,89,2021,03,21,16,45,33,40
45.3493392,9.6880305,9,58.6,63.1,131.6,20.2,89,2021,03,21,16,45,33,60
45.3493222,9.6880630,9,58.3,63.0,130.4,20.2,89,2021,03,21,16,45,33,80
45.3493055,9.6880948,9,57.8,62.7,129.6,20.2,89,2021,03,21,16,45,34,00
45.3492878,9.6881263,9,57.6,62.5,129.3,20.2,89,2021,03,21,16,45,34,20
45.3492702,9.6881580,9,57.5,62.5,129.1,20.2,89,2021,03,21,16,45,34,40
45.3492522,9.6881890,9,57.0,62.5,129.1,20.2,89,2021,03,21,16,45,34,60
45.3492343,9.6882202,9,56.9,62.6,129.2,20.2,89,2021,03,21,16,45,34,80
45.3492163,9.6882517,9,57.2,62.6,129.4,20.2,89,2021,03,21,16,45,35,00
45.3491978,9.6882853,9,58.8,62.8,128.4,20.2,89,2021,03,21,16,45,35,20
45.3491788,9.6883165,9,58.2,62.9,129.3,20.2,89,2021,03,21,16,45,35,40
45.3491587,9.6883455,9,57.3,63.1,131.1,20.2,89,2021,03,21,16,45,35,60
45.3491380,9.6883737,9,57.2,63.3,133.1,20.2,89,2021,03,21,16,45,35,80
45.3491170,9.6884007,9,56.9,63.5,135.1,20.2,89,2021,03,21,16,45,36,00
45.3490955,9.6884273,9,56.8,63.7,136.8,20.2,89,2021,03,21,16,45,36,20
45.3490738,9.6884527,9,56.6,63.6,139.0,20.2,89,2021,03,21,16,45,36,40
45.3490515,9.6884773,9,56.4,63.7,140.8,20.2,89,2021,03,21,16,45,36,60
45.3490283,9.6885012,9,56.5,63.7,142.5,20.2,89,2021,03,21,16,45,36,80
45.3490045,9.6885238,9,56.7,63.7,144.7,20.2,89,2021,03,21,16,45,37,00
45.3489798,9.6885457,9,56.9,63.7,146.7,20.2,89,2021,03,21,16,45,37,20
45.3489553,9.6885663,9,57.0,63.6,148.6,20.2,89,2021,03,21,16,45,37,40
45.3489298,9.6885853,9,57.1,63.6,150.7,20.2,89,2021,03,21,16,45,37,60
45.3489043,9.6886025,9,56.5,63.5,153.2,20.2,89,2021,03,21,16,45,37,80
45.3488780,9.6886188,9,57.0,63.4,155.1,20.2,89,2021,03,21,16,45,38,00
45.3488515,9.6886338,9,57.0,63.4,157.0,20.2,89,2021,03,21,16,45,38,20
45.3488240,9.6886475,9,57.3,63.4,159.2,20.2,90,2021,03,21,16,45,38,40
45.3487963,9.6886598,9,57.4,63.4,161.3,20.2,90,2021,03,21,16,45,38,60
45.3487685,9.6886708,9,57.6,63.2,163.4,20.2,90,2021,03,21,16,45,38,80
45.3487400,9.6886803,9,57.7,63.2,165.5,20.2,90,2021,03,21,16,45,39,00
45.3487112,9.6886885,9,57.8,63.2,167.4,20.2,90,2021,03,21,16,45,39,20
45.3486825,9.6886957,9,57.9,63.4,169.1,20.2,90,2021,03,21,16,45,39,40
45.3486533,9.6887018,9,58.5,63.3,170.5,20.2,90,2021,03,21,16,45,39,60
45.3486240,9.6887067,9,58.5,63.4,172.1,20.2,90,2021,03,21,16,45,39,80
45.3485948,9.6887113,9,58.5,63.4,173.2,20.2,90,2021,03,21,16,45,40,00
45.3485657,9.6887158,9,58.7,63.4,173.4,20.2,90,2021,03,21,16,45,40,20
45.3485365,9.6887190,9,58.8,63.2,174.6,20.2,90,2021,03,21,16,45,40,40
45.3485063,9.6887185,9,59.0,63.1,177.6,20.2,90,2021,03,21,16,45,40,60
45.3484768,9.6887180,9,58.9,62.9,179.1,20.2,90,2021,03,21,16,45,40,80
45.3484458,9.6887160,9,59.2,63.2,180.9,20.2,90,2021,03,21,16,45,41,00
45.3484157,9.6887130,9,59.2,63.3,182.6,20.2,90,2021,03,21,16,45,41,20
45.3483850,9.6887080,9,59.6,63.3,184.9,20.2,90,2021,03,21,16,45,41,40
45.3483545,9.6887028,9,59.8,63.4,186.1,20.2,90,2021,03,21,16,45,41,60
45.3483238,9.6886943,9,61.0,63.2,189.0,20.2,90,2021,03,21,16,45,41,80
45.3482942,9.6886878,9,60.4,63.1,189.1,20.2,91,2021,03,21,16,45,42,00
45.3482642,9.6886803,9,60.2,63.2,189.7,20.2,91,2021,03,21,16,45,42,20
45.3482337,9.6886707,9,60.1,63.4,191.4,20.2,91,2021,03,21,16,45,42,40
45.3482028,9.6886600,9,61.3,63.5,192.7,20.2,91,2021,03,21,16,45,42,60
45.3481725,9.6886488,9,62.0,63.3,193.7,20.2,91,2021,03,21,16,45,42,80
45.3481420,9.6886378,9,62.2,63.4,194.0,20.2,91,2021,03,21,16,45,43,00
45.3481117,9.6886263,9,62.6,63.3,194.3,20.2,91,2021,03,21,16,45,43,20
45.3480813,9.6886148,9,62.9,63.2,194.4,20.2,91,2021,03,21,16,45,43,40
45.3480507,9.6886032,9,63.3,63.1,194.5,20.2,91,2021,03,21,16,45,43,60
45.3480200,9.6885912,9,63.6,63.0,194.8,20.2,91,2021,03,21,16,45,43,80
45.3479887,9.6885792,9,64.3,62.9,194.8,20.2,91,2021,03,21,16,45,44,00
45.3479577,9.6885677,9,64.6,62.7,194.4,20.2,91,2021,03,21,16,45,44,20
45.3479258,9.6885558,9,65.1,62.7,194.4,20.3,91,2021,03,21,16,45,44,40
45.3478942,9.6885442,9,65.5,62.5,194.4,20.3,90,2021,03,21,16,45,44,60
45.3478613,9.6885323,9,66.5,62.5,194.1,20.3,90,2021,03,21,16,45,44,80
45.3478287,9.6885208,9,66.9,62.4,193.9,20.3,90,2021,03,21,16,45,45,00
45.3477953,9.6885092,9,67.7,62.3,193.7,20.3,90,2021,03,21,16,45,45,20
45.3477617,9.6884982,9,68.3,62.3,193.1,20.3,90,2021,03,21,16,45,45,40
45.3477280,9.6884883,9,68.6,62.2,192.4,20.3,90,2021,03,21,16,45,45,60
45.3476940,9.6884780,9,69.2,62.1,191.9,20.3,90,2021,03,21,16,45,45,80
45.3476598,9.6884683,9,69.7,62.0,191.4,20.3,90,2021,03,21,16,45,46,00
45.3476257,9.6884595,9,69.9,61.9,190.7,20.3,89,2021,03,21,16,45,46,20
45.3475910,9.6884510,9,70.2,61.8,190.1,20.3,89,2021,03,21,16,45,46,40
45.3475565,9.6884420,9,70.6,61.5,190.0,20.3,89,2021,03,21,16,45,46,60
45.3475207,9.6884328,9,71.5,61.5,189.8,20.3,89,2021,03,21,16,45,46,80
45.3474850,9.6884240,9,72.1,61.4,189.7,20.3,89,2021,03,21,16,45,47,00
45.3474493,9.6884152,9,72.7,61.2,189.6,20.3,89,2021,03,21,16,45,47,20
45.3474132,9.6884065,9,73.1,61.0,189.4,20.3,88,2021,03,21,16,45,47,40
45.3473765,9.6883978,9,73.9,60.9,189.2,20.3,88,2021,03,21,16,45,47,60
45.3473400,9.6883897,9,74.1,60.7,188.9,20.3,88,2021,03,21,16,45,47,80
45.3473027,9.6883810,9,74.7,60.7,189.1,20.3,88,2021,03,21,16,45,48,00
45.3472657,9.6883728,9,74.9,60.6,188.7,20.3,88,2021,03,21,16,45,48,20
45.3472280,9.6883648,9,75.3,60.6,188.5,20.3,88,2021,03,21,16,45,48,40
45.3471903,9.6883567,9,75.2,60.6,188.6,20.3,88,2021,03,21,16,45,48,60
45.3471530,9.6883480,9,75.1,60.6,189.1,20.3,88,2021,03,21,16,45,48,80
45.3471158,9.6883395,9,75.0,60.6,189.2,20.3,88,2021,03,21,16,45,49,00
45.3470788,9.6883312,9,74.8,60.6,189.1,20.3,87,2021,03,21,16,45,49,20
45.3470397,9.6883243,9,76.2,60.5,188.3,20.3,87,2021,03,21,16,45,49,40
45.3470018,9.6883168,9,76.1,60.5,188.2,20.3,87,2021,03,21,16,45,49,60
45.3469660,9.6883098,9,74.8,60.5,188.4,20.3,87,2021,03,21,16,45,49,80
45.3469298,9.6883033,9,74.3,60.5,188.1,20.3,87,2021,03,21,16,45,50,00
45.3468947,9.6882977,9,73.0,60.5,187.9,20.3,87,2021,03,21,16,45,50,20
45.3468602,9.6882928,9,71.7,60.6,187.4,20.3,87,2021,03,21,16,45,50,40
45.3468248,9.6882868,9,71.2,60.7,187.4,20.3,87,2021,03,21,16,45,50,60
45.3467893,9.6882812,9,70.8,60.8,187.2,20.3,87,2021,03,21,16,45,50,80
45.3467542,9.6882755,9,70.2,60.9,187.1,20.3,87,2021,03,21,16,45,51,00
45.3467190,9.6882697,9,70.4,61.0,186.9,20.3,87,2021,03,21,16,45,51,20
45.3466842,9.6882640,9,70.4,61.0,186.8,20.3,87,2021,03,21,16,45,51,40
45.3466493,9.6882585,9,70.2,61.0,186.6,20.3,87,2021,03,21,16,45,51,60
45.3466138,9.6882528,9,70.7,61.1,186.5,20.3,87,2021,03,21,16,45,51,80
45.3465788,9.6882477,9,70.6,61.1,186.1,20.3,87,2021,03,21,16,45,52,00
45.3465437,9.6882427,9,70.9,61.0,185.8,20.3,87,2021,03,21,16,45,52,20
45.3465082,9.6882382,9,71.2,60.9,185.3,20.3,87,2021,03,21,16,45,52,40
45.3464723,9.6882342,9,71.4,60.8,184.8,20.3,87,2021,03,21,16,45,52,60
45.3464367,9.6882307,9,71.7,60.8,184.1,20.3,87,2021,03,21,16,45,52,80
45.3464005,9.6882278,9,72.0,60.8,183.4,20.3,87,2021,03,21,16,45,53,00
45.3463638,9.6882255,9,72.4,60.9,182.9,20.3,87,2021,03,21,16,45,53,20
45.3463272,9.6882238,9,73.0,60.9,182.1,20.3,87,2021,03,21,16,45,53,40
45.3462907,9.6882227,9,73.4,60.9,181.3,20.3,87,2021,03,21,16,45,53,60
45.3462535,9.6882223,9,73.8,61.0,180.5,20.3,87,2021,03,21,16,45,53,80
45.3462162,9.6882225,9,74.2,61.0,179.8,20.3,87,2021,03,21,16,45,54,00
45.3461787,9.6882235,9,74.7,61.1,179.1,20.3,87,2021,03,21,16,45,54,20
45.3461413,9.6882250,9,75.0,61.1,178.4,20.3,88,2021,03,21,16,45,54,40
45.3461037,9.6882272,9,75.3,61.1,177.8,20.3,88,2021,03,21,16,45,54,60
45.3460660,9.6882297,9,75.8,61.0,177.4,20.3,88,2021,03,21,16,45,54,80
45.3460280,9.6882325,9,75.7,61.0,176.9,20.3,88,2021,03,21,16,45,55,00
45.3459898,9.6882350,9,76.1,61.0,177.0,20.3,88,2021,03,21,16,45,55,20
45.3459518,9.6882380,9,76.4,60.9,176.8,20.3,88,2021,03,21,16,45,55,40
45.3459137,9.6882408,9,76.6,60.8,176.8,20.4,88,2021,03,21,16,45,55,60
45.3458745,9.6882435,9,77.3,60.9,176.9,20.4,88,2021,03,21,16,45,55,80
45.3458360,9.6882463,9,77.3,60.8,177.0,20.4,88,2021,03,21,16,45,56,00
45.3457975,9.6882495,9,77.3,60.8,176.7,20.4,88,2021,03,21,16,45,56,20
45.3457592,9.6882525,9,77.3,60.8,176.7,20.4,88,2021,03,21,16,45,56,40
45.3457202,9.6882552,9,77.7,60.7,177.0,20.4,88,2021,03,21,16,45,56,60
45.3456815,9.6882585,9,77.6,60.7,176.8,20.4,88,2021,03,21,16,45,56,80
45.3456428,9.6882620,9,77.7,60.7,176.7,20.4,88,2021,03,21,16,45,57,00
45.3456037,9.6882650,9,78.0,60.7,176.9,20.4,88,2021,03,21,16,45,57,20
45.3455648,9.6882683,9,77.6,60.9,176.7,20.4,88,2021,03,21,16,45,57,40
45.3455255,9.6882715,9,78.0,60.9,176.7,20.4,88,2021,03,21,16,45,57,60
45.3454863,9.6882747,9,78.2,60.9,176.7,20.4,88,2021,03,21,16,45,57,80
45.3454475,9.6882783,9,77.9,61.0,176.5,20.4,88,2021,03,21,16,45,58,00
45.3454083,9.6882818,9,78.1,61.1,176.4,20.4,88,2021,03,21,16,45,58,20
45.3453688,9.6882852,9,78.6,61.1,176.3,20.4,88,2021,03,21,16,45,58,40
45.3453298,9.6882893,9,78.5,61.1,175.8,20.4,88,2021,03,21,16,45,58,60
45.3452902,9.6882938,9,78.4,61.4,175.3,20.4,88,2021,03,21,16,45,58,80
45.3452508,9.6882983,9,78.8,61.4,175.1,20.4,88,2021,03,21,16,45,59,00
45.3452118,9.6883043,9,78.6,61.4,174.1,20.4,88,2021,03,21,16,45,59,20
45.3451720,9.6883105,9,79.2,61.6,173.7,20.4,88,2021,03,21,16,45,59,40
45.3451330,9.6883180,9,79.1,61.6,172.7,20.4,88,2021,03,21,16,45,59,60
45.3450932,9.6883260,9,79.2,61.8,171.9,20.4,88,2021,03,21,16,45,59,80
45.3450538,9.6883350,9,79.3,62.0,170.9,20.4,89,2021,03,21,16,46,00,00
45.3450150,9.6883448,9,79.3,62.0,169.9,20.4,89,2021,03,21,16,46,00,20
45.3449757,9.6883548,9,79.5,62.1,169.5,20.4,89,2021,03,21,16,46,00,40
45.3449363,9.6883653,9,79.7,62.2,169.1,20.4,89,2021,03,21,16,46,00,60
45.3448973,9.6883767,9,79.6,62.3,168.5,20.4,89,2021,03,21,16,46,00,80
45.3448580,9.6883882,9,79.8,62.4,168.1,20.4,89,2021,03,21,16,46,01,00
45.3448185,9.6884002,9,80.1,62.5,167.7,20.4,91,2021,03,21,16,46,01,20
45.3447792,9.6884125,9,80.3,62.6,167.3,20.4,91,2021,03,21,16,46,01,40
45.3447393,9.6884253,9,80.3,62.9,166.9,20.4,91,2021,03,21,16,46,01,60
45.3446997,9.6884387,9,80.3,63.2,166.5,20.4,91,2021,03,21,16,46,01,80
45.3446603,9.6884522,9,80.4,63.3,166.4,20.4,91,2021,03,21,16,46,02,00
45.3446207,9.6884652,9,80.6,63.5,166.6,20.4,91,2021,03,21,16,46,02,20
45.3445815,9.6884788,9,80.6,63.6,166.3,20.4,91,2021,03,21,16,46,02,40
45.3445418,9.6884923,9,80.7,63.7,166.3,20.4,91,2021,03,21,16,46,02,60
45.3445020,9.6885058,9,81.0,63.8,166.2,20.4,91,2021,03,21,16,46,02,80
45.3444620,9.6885195,9,81.2,64.0,166.1,20.4,91,2021,03,21,16,46,03,00
45.3444222,9.6885335,9,81.4,64.2,166.0,20.4,91,2021,03,21,16,46,03,20
45.3443823,9.6885475,9,81.6,64.4,165.9,20.4,91,2021,03,21,16,46,03,40
45.3443427,9.6885613,9,81.6,64.4,166.0,20.4,91,2021,03,21,16,46,03,60
45.3443028,9.6885755,9,81.6,64.5,165.8,20.4,91,2021,03,21,16,46,03,80
45.3442628,9.6885893,9,81.7,64.6,165.9,20.4,90,2021,03,21,16,46,04,00
45.3442230,9.6886040,9,81.7,64.8,165.6,20.4,90,2021,03,21,16,46,04,20
45.3441828,9.6886183,9,81.9,65.0,165.6,20.4,90,2021,03,21,16,46,04,40
45.3441427,9.6886328,9,82.1,65.1,165.6,20.4,90,2021,03,21,16,46,04,60
45.3441027,9.6886472,9,82.1,65.3,165.6,20.4,90,2021,03,21,16,46,04,80
45.3440625,9.6886615,9,82.1,65.4,165.7,20.4,90,2021,03,21,16,46,05,00
45.3440222,9.6886758,9,82.5,65.6,165.6,20.4,89,2021,03,21,16,46,05,20
45.3439818,9.6886900,9,82.5,65.7,165.7,20.4,89,2021,03,21,16,46,05,40
45.3439415,9.6887045,9,82.5,65.9,165.7,20.4,89,2021,03,21,16,46,05,60
45.3439013,9.6887192,9,82.6,66.0,165.6,20.4,89,2021,03,21,16,46,05,80
45.3438612,9.6887335,9,82.6,66.1,165.6,20.4,89,2021,03,21,16,46,06,00
45.3438210,9.6887480,9,82.6,66.2,165.7,20.4,89,2021,03,21,16,46,06,20
45.3437808,9.6887627,9,82.6,66.3,165.5,20.4,89,2021,03,21,16,46,06,40
45.3437408,9.6887770,9,82.7,66.4,165.5,20.4,88,2021,03,21,16,46,06,60
45.3437007,9.6887915,9,82.8,66.4,165.4,20.4,88,2021,03,21,16,46,06,80
45.3436602,9.6888057,9,83.0,66.4,165.7,20.4,88,2021,03,21,16,46,07,00
45.3436195,9.6888200,10,83.0,66.6,165.7,20.4,88,2021,03,21,16,46,07,20
45.3435793,9.6888347,10,83.0,66.6,165.5,20.4,88,2021,03,21,16,46,07,40
45.3435385,9.6888490,10,83.3,66.7,165.8,20.4,88,2021,03,21,16,46,07,60
45.3434977,9.6888633,10,83.4,66.8,165.8,20.4,88,2021,03,21,16,46,07,80
45.3434572,9.6888777,10,83.3,66.9,165.9,20.4,89,2021,03,21,16,46,08,00
45.3434163,9.6888920,10,83.6,67.0,165.9,20.4,89,2021,03,21,16,46,08,20
45.3433757,9.6889065,10,83.7,67.0,166.0,20.4,89,2021,03,21,16,46,08,40
45.3433348,9.6889207,10,83.9,67.1,166.0,20.4,89,2021,03,21,16,46,08,60
45.3432938,9.6889350,10,84.1,67.1,166.1,20.4,89,2021,03,21,16,46,08,80
45.3432530,9.6889495,10,84.2,67.1,166.0,20.4,89,2021,03,21,16,46,09,00
45.3432122,9.6889642,10,84.2,67.1,165.9,20.4,89,2021,03,21,16,46,09,20
45.3431712,9.6889785,10,84.4,67.1,165.9,20.4,90,2021,03,21,16,46,09,40
45.3431303,9.6889932,10,84.4,67.1,165.9,20.4,90,2021,03,21,16,46,09,60
45.3430893,9.6890078,10,84.7,67.1,165.9,20.4,90,2021,03,21,16,46,09,80
45.3430483,9.6890222,10,84.7,67.1,166.0,20.4,90,2021,03,21,16,46,10,00
45.3430072,9.6890368,10,84.8,67.1,165.9,20.4,90,2021,03,21,16,46,10,20
45.3429657,9.6890513,10,85.0,67.2,166.0,20.4,90,2021,03,21,16,46,10,40
45.3429243,9.6890662,10,85.1,67.2,165.9,20.4,90,2021,03,21,16,46,10,60
45.3428830,9.6890810,10,85.1,67.3,165.9,20.4,90,2021,03,21,16,46,10,80
45.3428415,9.6890957,10,85.3,67.4,165.9,20.4,90,2021,03,21,16,46,11,00
45.3428002,9.6891103,10,85.4,67.4,166.0,20.4,90,2021,03,21,16,46,11,20
45.3427585,9.6891252,10,85.6,67.4,166.0,20.4,90,2021,03,21,16,46,11,40
45.3427168,9.6891398,10,85.7,67.4,166.1,20.4,90,2021,03,21,16,46,11,60
45.3426750,9.6891545,10,85.8,67.5,166.1,20.4,90,2021,03,21,16,46,11,80
45.3426332,9.6891690,10,85.9,67.6,166.1,20.4,90,2021,03,21,16,46,12,00
45.3425913,9.6891838,10,86.1,67.6,166.0,20.4,90,2021,03,21,16,46,12,20
45.3425497,9.6891985,10,86.0,67.6,166.1,20.4,90,2021,03,21,16,46,12,40
45.3425080,9.6892133,10,86.1,67.6,166.0,20.4,90,2021,03,21,16,46,12,60
45.3424662,9.6892282,10,86.2,67.6,166.1,20.4,90,2021,03,21,16,46,12,80
45.3424243,9.6892430,10,86.3,67.6,166.1,20.4,90,2021,03,21,16,46,13,00
45.3423825,9.6892577,10,86.2,67.6,166.1,20.4,90,2021,03,21,16,46,13,20
45.3423407,9.6892725,10,86.4,67.6,166.2,20.4,90,2021,03,21,16,46,13,40
45.3422988,9.6892872,10,86.5,67.7,166.2,20.4,90,2021,03,21,16,46,13,60
45.3422568,9.6893022,10,86.5,67.6,166.1,20.4,90,2021,03,21,16,46,13,80
45.3422150,9.6893170,10,86.4,67.6,166.1,20.4,90,2021,03,21,16,46,14,00
45.3421728,9.6893317,10,86.8,67.7,166.2,20.4,90,2021,03,21,16,46,14,20
45.3421307,9.6893463,10,86.7,67.7,166.1,20.4,90,2021,03,21,16,46,14,40
45.3420885,9.6893613,10,86.8,67.7,166.0,20.4,90,2021,03,21,16,46,14,60
45.3420463,9.6893762,10,86.8,67.8,166.0,20.4,89,2021,03,21,16,46,14,80
45.3420042,9.6893910,10,86.8,67.8,166.0,20.4,89,2021,03,21,16,46,15,00
45.3419618,9.6894058,10,86.9,67.8,166.0,20.4,89,2021,03,21,16,46,15,20
45.3419195,9.6894205,10,87.0,67.8,166.2,20.4,89,2021,03,21,16,46,15,40
45.3418773,9.6894353,10,87.1,67.8,166.1,20.4,89,2021,03,21,16,46,15,60
45.3418350,9.6894500,10,87.0,67.8,166.0,20.4,89,2021,03,21,16,46,15,80
45.3417927,9.6894648,10,87.2,67.8,166.0,20.4,89,2021,03,21,16,46,16,00
45.3417503,9.6894795,10,87.3,67.8,166.2,20.4,88,2021,03,21,16,46,16,20
45.3417080,9.6894940,10,87.1,67.8,166.3,20.4,88,2021,03,21,16,46,16,40
45.3416653,9.6895085,10,87.3,67.9,166.4,20.4,88,2021,03,21,16,46,16,60
45.3416228,9.6895233,10,87.5,67.9,166.2,20.4,88,2021,03,21,16,46,16,80
45.3415802,9.6895380,10,87.5,67.9,166.2,20.4,88,2021,03,21,16,46,17,00
45.3415377,9.6895530,10,87.6,68.0,166.1,20.4,88,2021,03,21,16,46,17,20
45.3414948,9.6895678,10,87.8,68.0,166.2,20.4,90,2021,03,21,16,46,17,40
45.3414523,9.6895832,10,87.8,68.1,165.8,20.4,90,2021,03,21,16,46,17,60
45.3414097,9.6895983,10,87.9,68.1,165.7,20.5,90,2021,03,21,16,46,17,80
45.3413668,9.6896138,10,88.1,68.2,165.6,20.5,90,2021,03,21,16,46,18,00
45.3413240,9.6896292,10,88.3,68.2,165.6,20.5,90,2021,03,21,16,46,18,20
45.3412813,9.6896440,10,88.1,68.2,166.0,20.5,90,2021,03,21,16,46,18,40
45.3412385,9.6896592,10,88.2,68.2,166.0,20.5,91,2021,03,21,16,46,18,60
45.3411957,9.6896743,10,88.2,68.2,166.0,20.5,91,2021,03,21,16,46,18,80
45.3411528,9.6896893,10,88.2,68.2,166.0,20.5,91,2021,03,21,16,46,19,00
45.3411100,9.6897045,10,88.3,68.3,165.9,20.5,91,2021,03,21,16,46,19,20
45.3410670,9.6897197,10,88.4,68.2,165.9,20.5,91,2021,03,21,16,46,19,40
45.3410242,9.6897347,10,88.3,68.3,165.9,20.5,91,2021,03,21,16,46,19,60
45.3409813,9.6897498,10,88.4,68.3,165.9,20.5,91,2021,03,21,16,46,19,80
45.3409383,9.6897648,10,88.5,68.3,166.0,20.5,91,2021,03,21,16,46,20,00
45.3408953,9.6897800,10,88.5,68.3,166.0,20.5,91,2021,03,21,16,46,20,20
45.3408523,9.6897952,10,88.4,68.3,165.9,20.5,91,2021,03,21,16,46,20,40
45.3408093,9.6898103,10,88.6,68.3,165.9,20.5,91,2021,03,21,16,46,20,60
45.3407665,9.6898255,10,88.6,68.3,166.0,20.5,91,2021,03,21,16,46,20,80
45.3407233,9.6898407,10,88.6,68.3,166.0,20.5,91,2021,03,21,16,46,21,00
45.3406803,9.6898558,10,88.8,68.4,166.0,20.5,91,2021,03,21,16,46,21,20
45.3406372,9.6898707,10,88.7,68.3,166.2,20.5,90,2021,03,21,16,46,21,40
45.3405942,9.6898858,10,88.9,68.3,166.2,20.5,90,2021,03,21,16,46,21,60
45.3405510,9.6899007,10,88.9,68.3,166.4,20.5,90,2021,03,21,16,46,21,80
45.3405080,9.6899157,10,88.9,68.3,166.3,20.5,90,2021,03,21,16,46,22,00
45.3404648,9.6899305,10,88.9,68.3,166.4,20.5,90,2021,03,21,16,46,22,20
45.3404220,9.6899457,10,88.7,68.2,166.2,20.5,90,2021,03,21,16,46,22,40
45.3403792,9.6899605,10,88.7,68.2,166.2,20.5,90,2021,03,21,16,46,22,60
45.3403363,9.6899755,10,88.6,68.1,166.2,20.5,88,2021,03,21,16,46,22,80
45.3402933,9.6899903,10,88.5,68.1,166.3,20.5,88,2021,03,21,16,46,23,00
45.3402505,9.6900053,10,88.5,68.1,166.3,20.5,88,2021,03,21,16,46,23,20
45.3402075,9.6900202,10,88.4,68.1,166.3,20.5,88,2021,03,21,16,46,23,40
45.3401645,9.6900348,10,88.4,68.2,166.4,20.5,88,2021,03,21,16,46,23,60
45.3401215,9.6900497,10,88.4,68.2,166.4,20.5,88,2021,03,21,16,46,23,80
45.3400785,9.6900645,10,88.3,68.3,166.3,20.5,87,2021,03,21,16,46,24,00
45.3400358,9.6900798,12,88.3,68.3,166.2,20.5,87,2021,03,21,16,46,24,20
45.3399928,9.6900950,12,88.5,68.4,166.1,20.5,87,2021,03,21,16,46,24,40
45.3399502,9.6901103,12,88.2,68.4,165.9,20.5,87,2021,03,21,16,46,24,60
45.3399070,9.6901258,12,88.5,68.5,165.8,20.5,87,2021,03,21,16,46,24,80
45.3398643,9.6901418,12,88.3,68.6,165.4,20.5,87,2021,03,21,16,46,25,00
45.3398217,9.6901583,12,88.5,68.6,164.9,20.5,87,2021,03,21,16,46,25,20
45.3397792,9.6901757,12,88.6,68.7,164.4,20.5,87,2021,03,21,16,46,25,40
45.3397368,9.6901937,12,88.5,68.8,163.6,20.5,87,2021,03,21,16,46,25,60
45.3396947,9.6902127,12,88.6,68.8,162.8,20.5,90,2021,03,21,16,46,25,80
45.3396527,9.6902325,12,88.7,68.8,162.0,20.5,90,2021,03,21,16,46,26,00
45.3396112,9.6902535,12,88.7,68.9,160.9,20.5,90,2021,03,21,16,46,26,20
45.3395697,9.6902757,12,88.7,68.9,159.9,20.5,90,2021,03,21,16,46,26,40
45.3394475,9.6903480,12,88.5,69.1,157.0,20.5,91,2021,03,21,16,46,27,00
45.3394075,9.6903742,12,88.6,69.1,156.1,20.5,91,2021,03,21,16,46,27,20
45.3393677,9.6904010,12,88.7,69.2,155.3,20.5,91,2021,03,21,16,46,27,40
45.3393280,9.6904287,12,88.6,69.2,154.5,20.5,91,2021,03,21,16,46,27,60
45.3392885,9.6904568,12,88.7,69.3,153.9,20.5,91,2021,03,21,16,46,27,80
45.3392492,9.6904855,12,88.7,69.3,153.3,20.5,91,2021,03,21,16,46,28,00
45.3392100,9.6905147,12,88.6,69.4,152.8,20.5,91,2021,03,21,16,46,28,20
45.3391708,9.6905442,12,88.6,69.5,152.4,20.5,91,2021,03,21,16,46,28,40
45.3391320,9.6905737,12,88.5,69.5,152.3,20.5,91,2021,03,21,16,46,28,60
45.3390930,9.6906032,12,88.5,69.5,152.1,20.5,91,2021,03,21,16,46,28,80
45.3390540,9.6906327,12,88.6,69.5,152.2,20.6,91,2021,03,21,16,46,29,00
45.3390150,9.6906622,12,88.6,69.5,152.1,20.6,91,2021,03,21,16,46,29,20
45.3389757,9.6906915,12,88.6,69.4,152.1,20.6,91,2021,03,21,16,46,29,40
45.3389365,9.6907207,12,88.6,69.4,152.2,20.6,91,2021,03,21,16,46,29,60
45.3388975,9.6907500,12,88.3,69.4,152.1,20.6,91,2021,03,21,16,46,29,80
45.3388583,9.6907792,12,88.2,69.5,152.2,20.6,91,2021,03,21,16,46,30,00
45.3388195,9.6908082,12,87.9,69.4,152.1,20.6,91,2021,03,21,16,46,30,20
45.3387805,9.6908372,12,87.8,69.4,152.1,20.6,90,2021,03,21,16,46,30,40
45.3387420,9.6908660,12,87.3,69.4,152.1,20.6,90,2021,03,21,16,46,30,60
45.3387033,9.6908948,12,87.3,69.4,152.0,20.6,90,2021,03,21,16,46,30,80
45.3386648,9.6909237,12,87.0,69.3,152.1,20.6,90,2021,03,21,16,46,31,00
45.3386267,9.6909522,12,86.4,69.4,152.2,20.6,90,2021,03,21,16,46,31,20
45.3385887,9.6909807,12,86.2,69.3,152.0,20.6,90,2021,03,21,16,46,31,40
45.3385508,9.6910092,12,85.7,69.2,151.9,20.6,90,2021,03,21,16,46,31,60
45.3385135,9.6910377,12,85.3,69.1,151.9,20.6,90,2021,03,21,16,46,31,80
45.3384760,9.6910663,12,85.0,69.1,151.6,20.6,92,2021,03,21,16,46,32,00
45.3384388,9.6910947,12,84.6,69.0,151.7,20.6,92,2021,03,21,16,46,32,20
45.3384020,9.6911230,12,84.1,69.0,151.6,20.6,92,2021,03,21,16,46,32,40
45.3383652,9.6911512,12,83.8,69.0,151.6,20.6,92,2021,03,21,16,46,32,60
45.3383283,9.6911792,12,83.5,69.0,151.7,20.6,92,2021,03,21,16,46,32,80
45.3382917,9.6912068,12,83.0,69.0,151.8,20.6,92,2021,03,21,16,46,33,00
45.3382552,9.6912343,12,82.6,69.0,151.9,20.6,93,2021,03,21,16,46,33,20
45.3382190,9.6912618,12,82.2,69.0,151.7,20.6,93,2021,03,21,16,46,33,40
45.3381828,9.6912892,12,82.0,69.0,151.8,20.6,93,2021,03,21,16,46,33,60
45.3381468,9.6913165,12,81.7,68.9,151.8,20.6,93,2021,03,21,16,46,33,80
45.3381112,9.6913438,12,81.3,69.0,151.7,20.6,93,2021,03,21,16,46,34,00
45.3380753,9.6913712,12,81.2,68.9,151.7,20.6,93,2021,03,21,16,46,34,20
45.3380398,9.6913985,12,80.8,68.9,151.5,20.6,92,2021,03,21,16,46,34,40
45.3380043,9.6914258,12,80.6,68.9,151.5,20.6,92,2021,03,21,16,46,34,60
45.3379692,9.6914530,12,80.2,68.9,151.4,20.6,92,2021,03,21,16,46,34,80
45.3379342,9.6914803,12,80.2,68.8,151.4,20.6,92,2021,03,21,16,46,35,00
45.3378992,9.6915078,12,79.9,68.8,151.3,20.6,92,2021,03,21,16,46,35,20
45.3378643,9.6915348,12,79.7,68.8,151.3,20.6,92,2021,03,21,16,46,35,40
45.3378295,9.6915622,12,79.5,68.8,151.2,20.6,92,2021,03,21,16,46,35,60
45.3377950,9.6915893,12,79.2,68.8,151.2,20.6,92,2021,03,21,16,46,35,80
45.3377603,9.6916163,12,79.2,68.7,151.2,20.6,91,2021,03,21,16,46,36,00
45.3377258,9.6916432,12,78.9,68.8,151.3,20.6,91,2021,03,21,16,46,36,20
45.3376915,9.6916698,12,78.4,68.8,151.4,20.6,91,2021,03,21,16,46,36,40
45.3376572,9.6916963,12,78.3,68.8,151.4,20.6,91,2021,03,21,16,46,36,60
45.3376230,9.6917227,12,77.7,68.8,151.5,20.6,91,2021,03,21,16,46,36,80
45.3375888,9.6917488,12,77.6,68.7,151.6,20.6,91,2021,03,21,16,46,37,00
45.3375550,9.6917752,12,77.2,68.7,151.4,20.6,91,2021,03,21,16,46,37,20
45.3375212,9.6918012,12,77.1,68.7,151.6,20.6,91,2021,03,21,16,46,37,40
45.3374875,9.6918268,12,76.8,68.6,151.8,20.6,91,2021,03,21,16,46,37,60
45.3374540,9.6918525,12,76.5,68.7,151.6,20.6,91,2021,03,21,16,46,37,80
45.3374205,9.6918778,12,76.0,68.6,151.9,20.6,91,2021,03,21,16,46,38,00
45.3373875,9.6919037,12,75.8,68.6,151.4,20.6,91,2021,03,21,16,46,38,20
45.3373545,9.6919292,12,75.4,68.6,151.6,20.6,91,2021,03,21,16,46,38,40
45.3373217,9.6919548,12,75.2,68.5,151.5,20.6,91,2021,03,21,16,46,38,60
45.3372887,9.6919798,12,74.9,68.5,151.8,20.6,91,2021,03,21,16,46,38,80
45.3372562,9.6920048,12,74.4,68.5,151.8,20.6,91,2021,03,21,16,46,39,00
45.3372233,9.6920295,12,74.4,68.5,152.1,20.6,91,2021,03,21,16,46,39,20
45.3371907,9.6920538,12,73.9,68.5,152.4,20.6,91,2021,03,21,16,46,39,40
45.3371575,9.6920772,12,73.7,68.6,153.0,20.6,91,2021,03,21,16,46,39,60
45.3371247,9.6921002,12,73.3,68.6,153.4,20.6,91,2021,03,21,16,46,39,80
45.3370915,9.6921223,12,72.9,68.7,154.2,20.6,91,2021,03,21,16,46,40,00
45.3370580,9.6921435,12,73.0,68.7,155.2,20.7,91,2021,03,21,16,46,40,20
45.3370243,9.6921643,12,72.9,68.7,155.8,20.7,91,2021,03,21,16,46,40,40
45.3369908,9.6921843,12,72.7,68.7,156.7,20.7,91,2021,03,21,16,46,40,60
45.3369572,9.6922038,12,72.3,68.7,157.8,20.7,91,2021,03,21,16,46,40,80
45.3369237,9.6922222,12,72.0,68.7,158.8,20.7,91,2021,03,21,16,46,41,00
45.3368900,9.6922398,12,71.8,68.7,159.6,20.7,91,2021,03,21,16,46,41,20
45.3368563,9.6922568,12,71.4,68.7,160.2,20.7,91,2021,03,21,16,46,41,40
45.3368228,9.6922728,12,70.9,68.7,161.2,20.7,91,2021,03,21,16,46,41,60
45.3367895,9.6922880,12,70.6,68.7,161.9,20.7,91,2021,03,21,16,46,41,80
45.3367560,9.6923028,12,70.2,68.7,162.6,20.7,91,2021,03,21,16,46,42,00
45.3367225,9.6923165,12,69.9,68.7,163.4,20.7,91,2021,03,21,16,46,42,20
45.3366892,9.6923302,12,69.5,68.6,163.9,20.7,91,2021,03,21,16,46,42,40
45.3366560,9.6923433,12,69.2,68.6,164.4,20.7,91,2021,03,21,16,46,42,60
45.3366230,9.6923562,12,68.8,68.5,164.8,20.7,91,2021,03,21,16,46,42,80
45.3365898,9.6923687,12,68.6,68.5,165.1,20.7,91,2021,03,21,16,46,43,00
45.3365568,9.6923808,12,68.3,68.5,165.4,20.7,91,2021,03,21,16,46,43,20
45.3365238,9.6923928,12,68.0,68.5,165.6,20.7,91,2021,03,21,16,46,43,40
45.3364912,9.6924045,12,67.7,68.4,165.8,20.7,91,2021,03,21,16,46,43,60
45.3364587,9.6924163,12,67.4,68.4,165.7,20.7,91,2021,03,21,16,46,43,80
45.3364262,9.6924280,12,66.9,68.4,165.6,20.7,91,2021,03,21,16,46,44,00
45.3363937,9.6924393,12,66.6,68.4,165.8,20.7,91,2021,03,21,16,46,44,20
45.3363617,9.6924507,12,66.0,68.4,165.8,20.7,91,2021,03,21,16,46,44,40
45.3363300,9.6924618,12,65.4,68.4,165.9,20.7,91,2021,03,21,16,46,44,60
45.3362987,9.6924728,12,64.5,68.3,166.1,20.7,91,2021,03,21,16,46,44,80
45.3362678,9.6924835,12,63.7,68.3,166.3,20.7,90,2021,03,21,16,46,45,00
45.3362375,9.6924940,12,62.7,68.3,166.2,20.7,90,2021,03,21,16,46,45,20
45.3362075,9.6925043,12,62.1,68.3,166.4,20.7,90,2021,03,21,16,46,45,40
45.3361777,9.6925147,12,61.5,68.3,166.5,20.7,90,2021,03,21,16,46,45,60
45.3361478,9.6925252,12,61.3,68.4,166.2,20.7,90,2021,03,21,16,46,45,80
45.3361182,9.6925352,12,60.9,68.4,166.5,20.7,90,2021,03,21,16,46,46,00
45.3360888,9.6925455,12,60.5,68.4,166.4,20.7,90,2021,03,21,16,46,46,20
45.3360593,9.6925555,12,60.5,68.4,166.4,20.7,90,2021,03,21,16,46,46,40
45.3360302,9.6925658,12,60.4,68.4,166.2,20.7,90,2021,03,21,16,46,46,60
45.3360007,9.6925758,12,60.6,68.3,166.3,20.7,90,2021,03,21,16,46,46,80
45.3359712,9.6925862,12,60.9,68.3,166.4,20.7,90,2021,03,21,16,46,47,00
45.3359417,9.6925965,12,60.8,68.3,166.1,20.7,90,2021,03,21,16,46,47,20
45.3359117,9.6926068,12,61.3,68.3,166.2,20.7,90,2021,03,21,16,46,47,40
45.3358818,9.6926173,12,61.5,68.2,166.1,20.7,90,2021,03,21,16,46,47,60
45.3358518,9.6926280,12,61.6,68.2,165.9,20.7,91,2021,03,21,16,46,47,80
45.3358220,9.6926387,12,61.8,68.2,166.0,20.7,91,2021,03,21,16,46,48,00
45.3357920,9.6926492,12,61.9,68.2,166.1,20.7,91,2021,03,21,16,46,48,20
45.3357620,9.6926597,12,61.8,68.1,166.1,20.7,91,2021,03,21,16,46,48,40
45.3357322,9.6926703,12,61.5,68.1,165.9,20.7,91,2021,03,21,16,46,48,60
45.3357025,9.6926808,12,61.5,68.1,166.1,20.7,91,2021,03,21,16,46,48,80
45.3356730,9.6926915,12,61.3,68.1,165.8,20.7,91,2021,03,21,16,46,49,00
45.3356433,9.6927013,12,60.9,68.0,166.3,20.7,91,2021,03,21,16,46,49,20
45.3356138,9.6927118,12,61.0,68.0,166.1,20.7,91,2021,03,21,16,46,49,40
45.3355847,9.6927220,12,60.5,68.0,166.2,20.7,91,2021,03,21,16,46,49,60
45.3355557,9.6927320,12,60.1,68.0,166.4,20.7,91,2021,03,21,16,46,49,80
45.3355267,9.6927420,12,59.9,67.9,166.4,20.7,91,2021,03,21,16,46,50,00
45.3354978,9.6927522,12,59.8,67.9,166.2,20.7,91,2021,03,21,16,46,50,20
45.3354692,9.6927622,12,59.4,67.8,166.3,20.7,91,2021,03,21,16,46,50,40
45.3354405,9.6927723,12,59.0,67.8,166.2,20.7,91,2021,03,21,16,46,50,60
45.3354120,9.6927823,12,58.8,67.8,166.2,20.7,91,2021,03,21,16,46,50,80
45.3353837,9.6927925,12,58.4,67.9,166.1,20.7,91,2021,03,21,16,46,51,00
45.3353557,9.6928023,12,58.1,67.8,166.1,20.7,91,2021,03,21,16,46,51,20
45.3353275,9.6928122,12,57.7,67.9,166.4,20.8,91,2021,03,21,16,46,51,40
45.3352995,9.6928220,12,57.5,67.9,166.5,20.8,90,2021,03,21,16,46,51,60
45.3352718,9.6928317,12,57.2,67.8,166.5,20.8,90,2021,03,21,16,46,51,80
45.3352442,9.6928412,12,56.7,67.9,166.6,20.8,90,2021,03,21,16,46,52,00
45.3352163,9.6928505,12,56.7,67.9,166.5,20.8,90,2021,03,21,16,46,52,20
45.3351890,9.6928598,12,56.5,67.8,166.7,20.8,90,2021,03,21,16,46,52,40
45.3351617,9.6928692,12,56.3,67.8,166.6,20.8,90,2021,03,21,16,46,52,60
45.3351343,9.6928782,12,56.1,67.8,166.6,20.8,90,2021,03,21,16,46,52,80
45.3351073,9.6928872,12,55.9,67.8,166.6,20.8,90,2021,03,21,16,46,53,00
45.3350800,9.6928962,12,55.9,67.8,166.7,20.8,90,2021,03,21,16,46,53,20
45.3349988,9.6929233,12,55.6,67.9,166.6,20.8,90,2021,03,21,16,46,53,80
45.3349718,9.6929325,12,55.6,67.9,166.6,20.8,90,2021,03,21,16,46,54,00
45.3349448,9.6929415,12,55.5,67.9,166.7,20.8,90,2021,03,21,16,46,54,20
45.3349178,9.6929507,12,55.7,67.8,166.7,20.8,90,2021,03,21,16,46,54,40
45.3348908,9.6929597,12,55.4,67.9,166.8,20.8,90,2021,03,21,16,46,54,60
45.3348640,9.6929683,12,55.2,67.9,167.0,20.8,90,2021,03,21,16,46,54,80
45.3348370,9.6929767,12,55.3,67.9,167.5,20.8,90,2021,03,21,16,46,55,00
45.3348100,9.6929845,12,55.1,67.9,168.1,20.8,90,2021,03,21,16,46,55,20
45.3347828,9.6929918,12,55.2,67.9,168.7,20.8,90,2021,03,21,16,46,55,40
45.3347558,9.6929990,12,55.0,67.9,169.2,20.8,91,2021,03,21,16,46,55,60
45.3347287,9.6930058,12,55.1,67.9,169.7,20.8,91,2021,03,21,16,46,55,80
45.3347015,9.6930128,12,55.2,67.9,169.6,20.8,91,2021,03,21,16,46,56,00
45.3346743,9.6930188,12,54.9,68.0,170.6,20.8,91,2021,03,21,16,46,56,20
45.3346472,9.6930247,12,54.9,68.0,171.1,20.8,91,2021,03,21,16,46,56,40
45.3346198,9.6930307,12,55.2,68.0,171.1,20.8,91,2021,03,21,16,46,56,60
45.3345927,9.6930363,12,55.0,68.1,171.3,20.8,91,2021,03,21,16,46,56,80
45.3345657,9.6930418,12,54.9,68.2,171.8,20.8,91,2021,03,21,16,46,57,00
45.3345382,9.6930463,12,55.1,68.2,172.5,20.8,91,2021,03,21,16,46,57,20
45.3345112,9.6930512,12,54.8,68.2,172.9,20.8,91,2021,03,21,16,46,57,40
45.3344845,9.6930565,12,54.8,68.2,172.7,20.8,91,2021,03,21,16,46,57,60
45.3344575,9.6930615,12,54.7,68.1,172.7,20.8,91,2021,03,21,16,46,57,80
45.3344303,9.6930652,12,54.3,68.2,173.7,20.8,91,2021,03,21,16,46,58,00
45.3344035,9.6930692,12,54.3,68.1,173.9,20.8,91,2021,03,21,16,46,58,20
45.3343762,9.6930730,12,54.8,68.1,173.9,20.8,91,2021,03,21,16,46,58,40
45.3343492,9.6930763,12,54.4,68.1,174.6,20.8,91,2021,03,21,16,46,58,60
45.3343225,9.6930802,12,54.1,68.1,174.4,20.8,91,2021,03,21,16,46,58,80
45.3342955,9.6930843,12,54.3,68.0,174.1,20.8,91,2021,03,21,16,46,59,00
45.3342688,9.6930870,12,54.0,67.9,174.9,20.8,91,2021,03,21,16,46,59,20
45.3342423,9.6930908,11,53.7,67.9,174.5,20.8,92,2021,03,21,16,46,59,40
45.3342160,9.6930945,11,53.2,67.9,174.6,20.8,92,2021,03,21,16,46,59,60
45.3341895,9.6930990,11,53.5,67.8,174.0,20.8,92,2021,03,21,16,46,59,80
45.3341630,9.6931030,11,53.5,67.8,174.0,20.8,92,2021,03,21,16,47,00,00
45.3341367,9.6931070,11,53.0,67.7,174.2,20.8,92,2021,03,21,16,47,00,20
45.3341105,9.6931113,11,52.9,67.8,173.8,20.8,92,2021,03,21,16,47,00,40
45.3340842,9.6931153,11,52.7,67.8,173.9,20.8,92,2021,03,21,16,47,00,60
45.3340585,9.6931193,11,52.4,67.8,173.7,20.8,93,2021,03,21,16,47,00,80
45.3340330,9.6931230,12,52.1,67.7,173.9,20.8,93,2021,03,21,16,47,01,00
45.3340075,9.6931270,12,51.8,67.7,173.9,20.8,93,2021,03,21,16,47,01,20
45.3339820,9.6931308,12,51.6,67.7,173.8,20.8,93,2021,03,21,16,47,01,40
45.3339567,9.6931347,12,51.3,67.7,173.8,20.8,93,2021,03,21,16,47,01,60
45.3339315,9.6931388,12,50.8,67.7,173.5,20.8,93,2021,03,21,16,47,01,80
45.3339067,9.6931425,12,50.9,67.5,173.5,20.8,93,2021,03,21,16,47,02,00
45.3338818,9.6931458,12,50.4,67.5,173.7,20.8,93,2021,03,21,16,47,02,20
45.3338568,9.6931500,12,50.5,67.4,173.1,20.8,93,2021,03,21,16,47,02,40
45.3338325,9.6931543,12,49.7,67.4,172.7,20.9,93,2021,03,21,16,47,02,60
45.3338080,9.6931588,12,49.9,67.3,172.1,20.9,93,2021,03,21,16,47,02,80
45.3337838,9.6931640,12,49.3,67.3,171.5,20.9,93,2021,03,21,16,47,03,00
45.3337595,9.6931695,12,49.6,67.2,170.6,20.9,93,2021,03,21,16,47,03,20
45.3337358,9.6931755,12,49.1,67.1,169.5,20.9,93,2021,03,21,16,47,03,40
45.3337125,9.6931822,12,48.9,66.9,168.5,20.9,93,2021,03,21,16,47,03,60
45.3336890,9.6931897,12,48.6,66.8,167.3,20.9,93,2021,03,21,16,47,03,80
45.3336660,9.6931983,12,48.4,66.8,165.7,20.9,93,2021,03,21,16,47,04,00
45.3336430,9.6932080,12,48.1,66.7,164.0,20.9,93,2021,03,21,16,47,04,20
45.3336203,9.6932190,12,47.5,66.8,162.1,20.9,93,2021,03,21,16,47,04,40
45.3335983,9.6932310,12,47.3,66.8,160.3,20.9,93,2021,03,21,16,47,04,60
45.3335767,9.6932442,12,47.3,66.8,158.1,20.9,93,2021,03,21,16,47,04,80
45.3335553,9.6932583,12,47.3,66.8,156.3,20.9,93,2021,03,21,16,47,05,00
45.3335345,9.6932732,12,46.8,66.7,154.7,20.9,93,2021,03,21,16,47,05,20
45.3335143,9.6932895,12,46.8,66.6,152.6,20.9,93,2021,03,21,16,47,05,40
45.3334945,9.6933063,12,46.3,66.6,151.2,20.9,93,2021,03,21,16,47,05,60
45.3334748,9.6933240,12,46.5,66.5,149.6,20.9,93,2021,03,21,16,47,05,80
45.3334553,9.6933422,12,46.3,66.6,148.4,20.9,93,2021,03,21,16,47,06,00
45.3334362,9.6933607,12,46.2,66.5,147.1,20.9,92,2021,03,21,16,47,06,20
45.3334167,9.6933790,12,46.3,66.6,146.8,20.9,92,2021,03,21,16,47,06,40
45.3333973,9.6933972,12,46.4,66.6,146.9,20.9,92,2021,03,21,16,47,06,60
45.3333777,9.6934148,12,46.2,66.7,147.0,20.9,92,2021,03,21,16,47,06,80
45.3333582,9.6934325,12,46.2,66.7,147.3,20.9,92,2021,03,21,16,47,07,00
45.3333383,9.6934497,12,46.1,66.8,148.1,20.9,92,2021,03,21,16,47,07,20
45.3333185,9.6934668,12,46.0,66.9,148.5,20.9,92,2021,03,21,16,47,07,40
45.3332983,9.6934848,12,46.6,67.1,147.6,20.9,92,2021,03,21,16,47,07,60
45.3332783,9.6935020,12,46.8,67.1,148.4,20.9,92,2021,03,21,16,47,07,80
45.3332578,9.6935193,12,46.9,67.2,148.5,20.9,92,2021,03,21,16,47,08,00
45.3332377,9.6935367,12,47.1,67.2,148.8,20.9,92,2021,03,21,16,47,08,20
45.3332172,9.6935538,12,47.3,67.3,149.2,20.9,92,2021,03,21,16,47,08,40
45.3331967,9.6935705,12,47.4,67.3,149.8,20.9,91,2021,03,21,16,47,08,60
45.3331758,9.6935867,12,47.3,67.3,150.7,20.9,91,2021,03,21,16,47,08,80
45.3331547,9.6936023,12,47.2,67.4,151.7,20.9,91,2021,03,21,16,47,09,00
45.3331332,9.6936172,12,47.2,67.5,153.4,20.9,91,2021,03,21,16,47,09,20
45.3331118,9.6936310,12,46.9,67.5,154.8,20.9,91,2021,03,21,16,47,09,40
45.3330898,9.6936438,12,47.0,67.6,156.8,20.9,91,2021,03,21,16,47,09,60
45.3330673,9.6936553,12,47.1,67.6,158.8,20.9,91,2021,03,21,16,47,09,80
45.3330445,9.6936660,12,47.4,67.7,160.9,20.9,91,2021,03,21,16,47,10,00
45.3330218,9.6936753,12,47.2,67.7,162.8,20.9,91,2021,03,21,16,47,10,20
45.3329987,9.6936832,12,46.9,67.7,165.2,20.9,91,2021,03,21,16,47,10,40
45.3329755,9.6936902,12,47.3,67.6,166.9,20.9,91,2021,03,21,16,47,10,60
45.3329282,9.6937008,12,47.3,67.8,170.4,20.9,91,2021,03,21,16,47,11,00
45.3329047,9.6937053,12,47.6,67.6,171.3,20.9,91,2021,03,21,16,47,11,20
45.3328807,9.6937093,12,47.6,67.7,172.3,20.9,91,2021,03,21,16,47,11,40
45.3328567,9.6937132,12,47.8,67.7,172.9,20.9,91,2021,03,21,16,47,11,60
45.3328323,9.6937165,12,48.6,67.6,173.7,20.9,91,2021,03,21,16,47,11,80
45.3328080,9.6937207,12,48.8,67.7,173.4,20.9,91,2021,03,21,16,47,12,00
45.3327838,9.6937242,12,49.0,67.6,173.9,20.9,91,2021,03,21,16,47,12,20
45.3327588,9.6937277,12,49.8,67.6,173.9,20.9,91,2021,03,21,16,47,12,40
45.3327340,9.6937313,12,50.0,67.6,174.2,20.9,91,2021,03,21,16,47,12,60
45.3327087,9.6937350,12,50.6,67.7,174.2,20.9,92,2021,03,21,16,47,12,80
45.3326833,9.6937388,12,50.9,67.6,174.2,20.9,92,2021,03,21,16,47,13,00
45.3326577,9.6937427,12,51.2,67.8,174.1,20.9,92,2021,03,21,16,47,13,20
45.3326320,9.6937465,12,51.5,67.8,174.1,20.9,92,2021,03,21,16,47,13,40
45.3326063,9.6937510,12,51.8,67.8,173.6,21.1,92,2021,03,21,16,47,13,60
45.3325802,9.6937555,12,52.2,67.9,173.5,21.1,92,2021,03,21,16,47,13,80
45.3325540,9.6937603,12,52.9,67.9,172.9,21.1,92,2021,03,21,16,47,14,00
45.3325280,9.6937655,12,52.8,67.8,172.7,21.1,92,2021,03,21,16,47,14,20
45.3325018,9.6937703,12,52.8,67.7,172.7,21.1,92,2021,03,21,16,47,14,40
45.3324755,9.6937740,12,53.0,67.6,173.7,21.1,92,2021,03,21,16,47,14,60
45.3324488,9.6937773,12,53.2,67.7,174.3,21.1,92,2021,03,21,16,47,14,80
45.3324217,9.6937813,12,54.1,67.7,174.3,21.1,93,2021,03,21,16,47,15,00
45.3323947,9.6937868,12,54.4,67.7,173.1,21.1,93,2021,03,21,16,47,15,20
45.3323678,9.6937910,12,54.2,67.7,173.4,21.1,93,2021,03,21,16,47,15,40
45.3323415,9.6937963,12,54.2,67.7,172.9,21.1,93,2021,03,21,16,47,15,60
45.3323148,9.6938010,12,54.1,67.7,173.0,21.1,93,2021,03,21,16,47,15,80
45.3322880,9.6938062,12,53.6,67.7,172.8,21.1,93,2021,03,21,16,47,16,00
45.3322608,9.6938108,12,53.8,67.7,172.9,21.1,93,2021,03,21,16,47,16,20
45.3322330,9.6938162,12,54.7,67.7,172.6,21.1,93,2021,03,21,16,47,16,40
45.3322053,9.6938232,12,55.1,67.8,171.5,21.1,93,2021,03,21,16,47,16,60
45.3321780,9.6938307,12,55.4,67.8,170.6,21.1,93,2021,03,21,16,47,16,80
45.3321510,9.6938377,12,55.1,67.8,170.3,21.1,93,2021,03,21,16,47,17,00
45.3321228,9.6938427,12,55.8,67.7,171.1,21.1,93,2021,03,21,16,47,17,20
45.3320953,9.6938503,12,55.5,67.8,170.6,21.1,93,2021,03,21,16,47,17,40
45.3320683,9.6938583,12,56.0,67.7,169.7,21.1,93,2021,03,21,16,47,17,60
45.3320407,9.6938678,12,56.2,67.8,168.2,21.1,93,2021,03,21,16,47,17,80
45.3320133,9.6938772,12,56.4,67.8,167.3,21.1,93,2021,03,21,16,47,18,00
45.3319857,9.6938868,12,56.6,67.8,166.8,21.1,93,2021,03,21,16,47,18,20
45.3319587,9.6938978,12,57.0,67.6,165.5,21.1,93,2021,03,21,16,47,18,40
45.3319312,9.6939088,12,57.1,67.6,164.9,21.1,93,2021,03,21,16,47,18,60
45.3319035,9.6939213,12,57.6,67.6,163.7,21.1,93,2021,03,21,16,47,18,80
45.3318763,9.6939328,12,56.9,67.6,163.7,21.1,93,2021,03,21,16,47,19,00
45.3318488,9.6939455,12,56.6,67.9,162.8,21.1,93,2021,03,21,16,47,19,20
45.3318212,9.6939587,12,57.4,67.9,162.1,21.1,93,2021,03,21,16,47,19,40
45.3317938,9.6939723,12,57.6,68.0,161.2,21.1,93,2021,03,21,16,47,19,60
45.3317665,9.6939850,12,58.0,67.9,161.6,21.1,93,2021,03,21,16,47,19,80
45.3317398,9.6939977,12,57.6,67.7,161.2,21.1,93,2021,03,21,16,47,20,00
45.3317130,9.6940108,12,57.9,67.5,161.0,21.1,93,2021,03,21,16,47,20,20
45.3316860,9.6940240,12,58.2,67.3,160.9,21.1,93,2021,03,21,16,47,20,40
45.3316595,9.6940382,12,57.9,67.0,160.4,21.1,93,2021,03,21,16,47,20,60
45.3316323,9.6940518,12,58.3,66.8,160.4,21.1,93,2021,03,21,16,47,20,80
45.3316048,9.6940667,12,58.5,66.8,160.0,21.1,93,2021,03,21,16,47,21,00
45.3315768,9.6940813,12,58.8,66.8,159.9,21.1,93,2021,03,21,16,47,21,20
45.3315490,9.6940962,12,59.2,66.8,159.5,21.1,93,2021,03,21,16,47,21,40
45.3315212,9.6941127,12,59.3,66.8,158.8,21.1,93,2021,03,21,16,47,21,60
45.3314930,9.6941283,12,59.8,66.8,159.0,21.1,93,2021,03,21,16,47,21,80
45.3314652,9.6941443,12,59.9,66.8,158.6,21.1,93,2021,03,21,16,47,22,00
45.3314368,9.6941600,12,60.2,66.9,158.7,21.1,93,2021,03,21,16,47,22,20
45.3314087,9.6941762,12,60.3,66.9,158.4,21.1,93,2021,03,21,16,47,22,40
45.3313798,9.6941898,12,60.2,67.0,159.3,21.1,93,2021,03,21,16,47,22,60
45.3313515,9.6942047,12,60.5,67.0,159.4,21.1,93,2021,03,21,16,47,22,80
45.3313232,9.6942195,12,60.0,67.0,159.6,21.1,93,2021,03,21,16,47,23,00
45.3312948,9.6942338,12,60.1,66.9,159.8,21.1,93,2021,03,21,16,47,23,20
45.3312665,9.6942478,12,59.9,66.9,160.4,21.1,93,2021,03,21,16,47,23,40
45.3312385,9.6942630,12,60.4,66.8,159.8,21.1,93,2021,03,21,16,47,23,60
45.3312100,9.6942783,12,60.5,66.8,159.5,21.1,93,2021,03,21,16,47,23,80
45.3311818,9.6942935,12,60.5,66.8,159.5,21.1,93,2021,03,21,16,47,24,00
45.3311532,9.6943087,12,60.9,66.8,159.6,21.1,93,2021,03,21,16,47,24,20
45.3311248,9.6943243,12,60.4,67.0,159.3,21.1,93,2021,03,21,16,47,24,40
45.3310958,9.6943397,12,60.8,67.1,159.6,21.1,93,2021,03,21,16,47,24,60
45.3310673,9.6943547,12,60.5,67.2,159.4,21.2,93,2021,03,21,16,47,24,80
45.3310388,9.6943698,12,60.4,67.3,159.4,21.2,93,2021,03,21,16,47,25,00
45.3310105,9.6943850,12,60.4,67.4,159.6,21.2,93,2021,03,21,16,47,25,20
45.3309820,9.6944003,12,60.3,67.4,159.7,21.2,93,2021,03,21,16,47,25,40
45.3309537,9.6944148,12,60.0,67.5,160.1,21.2,93,2021,03,21,16,47,25,60
45.3309255,9.6944288,12,59.9,67.5,160.3,21.2,93,2021,03,21,16,47,25,80
45.3308970,9.6944420,12,60.2,67.3,161.1,21.2,93,2021,03,21,16,47,26,00
45.3308682,9.6944557,12,60.0,67.4,161.6,21.2,93,2021,03,21,16,47,26,20
45.3308392,9.6944695,12,59.5,67.7,161.8,21.2,93,2021,03,21,16,47,26,40
45.3308103,9.6944823,12,59.9,67.8,162.2,21.2,93,2021,03,21,16,47,26,60
45.3307812,9.6944943,12,59.7,67.8,163.3,21.2,93,2021,03,21,16,47,26,80
45.3307520,9.6945053,12,59.5,68.0,164.5,21.2,92,2021,03,21,16,47,27,00
45.3307227,9.6945157,12,59.4,68.2,165.5,21.2,92,2021,03,21,16,47,27,20
45.3306933,9.6945242,12,59.5,68.2,166.9,21.2,92,2021,03,21,16,47,27,40
45.3306642,9.6945327,12,59.5,68.1,167.7,21.2,92,2021,03,21,16,47,27,60
45.3306347,9.6945403,12,59.3,68.2,169.1,21.2,92,2021,03,21,16,47,27,80
45.3306052,9.6945483,12,59.7,68.3,169.2,21.2,92,2021,03,21,16,47,28,00
45.3305753,9.6945597,12,61.3,68.1,167.3,21.2,92,2021,03,21,16,47,28,20
45.3305458,9.6945687,12,60.7,68.1,167.5,21.2,92,2021,03,21,16,47,28,40
45.3305157,9.6945722,12,60.5,68.0,170.2,21.2,92,2021,03,21,16,47,28,60
45.3304880,9.6945690,12,58.9,67.5,174.2,21.2,92,2021,03,21,16,47,28,80
45.3304573,9.6945747,12,59.5,67.8,174.3,21.2,92,2021,03,21,16,47,29,00
45.3304268,9.6945780,12,59.6,68.0,175.6,21.2,92,2021,03,21,16,47,29,20
45.3303963,9.6945820,12,59.6,68.2,175.8,21.2,92,2021,03,21,16,47,29,40
45.3303660,9.6945848,12,59.8,68.3,176.4,21.2,93,2021,03,21,16,47,29,60
45.3303357,9.6945877,12,60.0,68.3,176.4,21.2,93,2021,03,21,16,47,29,80
45.3303052,9.6945903,12,59.7,68.5,176.7,21.2,93,2021,03,21,16,47,30,00
45.3302750,9.6945932,12,59.9,68.6,176.6,21.2,93,2021,03,21,16,47,30,20
45.3302443,9.6945958,12,60.4,68.6,176.6,21.2,93,2021,03,21,16,47,30,40
45.3302138,9.6945988,12,60.3,68.8,176.3,21.2,94,2021,03,21,16,47,30,60
45.3301838,9.6946007,12,60.2,68.6,176.4,21.2,94,2021,03,21,16,47,30,80
45.3301535,9.6946022,12,60.4,68.6,177.2,21.2,94,2021,03,21,16,47,31,00
45.3301232,9.6946050,12,60.4,68.6,176.7,21.2,94,2021,03,21,16,47,31,20
45.3300925,9.6946073,12,60.9,68.7,176.5,21.2,94,2021,03,21,16,47,31,40
45.3300623,9.6946098,12,60.4,68.8,176.2,21.2,94,2021,03,21,16,47,31,60
45.3300318,9.6946125,12,60.7,68.8,176.1,21.2,94,2021,03,21,16,47,31,80
45.3300013,9.6946157,12,60.8,68.9,176.0,21.2,94,2021,03,21,16,47,32,00
45.3299707,9.6946185,12,60.8,69.0,176.3,21.2,94,2021,03,21,16,47,32,20
45.3299402,9.6946223,12,60.8,69.2,175.6,21.2,94,2021,03,21,16,47,32,40
45.3299100,9.6946262,12,60.7,69.3,175.1,21.2,94,2021,03,21,16,47,32,60
45.3298797,9.6946293,12,60.8,69.4,175.2,21.2,94,2021,03,21,16,47,32,80
45.3298488,9.6946365,12,61.5,69.3,173.5,21.2,94,2021,03,21,16,47,33,00
45.3298185,9.6946423,12,61.3,69.3,173.0,21.2,94,2021,03,21,16,47,33,20
45.3297882,9.6946492,12,61.8,69.1,172.3,21.2,94,2021,03,21,16,47,33,40
45.3297578,9.6946565,12,61.6,69.1,171.3,21.2,94,2021,03,21,16,47,33,60
45.3297280,9.6946632,12,61.9,68.9,170.9,21.2,94,2021,03,21,16,47,33,80
45.3296968,9.6946710,12,62.4,69.0,170.1,21.2,94,2021,03,21,16,47,34,00
45.3296668,9.6946803,12,61.7,69.1,168.8,21.2,94,2021,03,21,16,47,34,20
45.3296358,9.6946888,12,62.2,69.1,168.5,21.2,94,2021,03,21,16,47,34,40
45.3296047,9.6946983,12,62.8,69.1,168.2,21.2,93,2021,03,21,16,47,34,60
45.3295743,9.6947083,12,62.6,69.2,167.6,21.2,93,2021,03,21,16,47,34,80
45.3295440,9.6947165,12,62.7,69.0,168.3,21.2,93,2021,03,21,16,47,35,00
45.3295137,9.6947248,12,62.5,69.0,168.5,21.2,93,2021,03,21,16,47,35,20
45.3294830,9.6947327,12,62.6,68.9,168.9,21.2,93,2021,03,21,16,47,35,40
45.3294527,9.6947402,12,62.2,68.9,169.3,21.2,93,2021,03,21,16,47,35,60
45.3294222,9.6947483,12,62.6,68.7,169.1,21.3,93,2021,03,21,16,47,35,80
45.3293917,9.6947558,12,62.3,68.6,169.4,21.3,93,2021,03,21,16,47,36,00
45.3293613,9.6947640,12,62.3,68.4,169.5,21.3,93,2021,03,21,16,47,36,20
45.3293310,9.6947720,12,62.3,68.3,169.5,21.3,93,2021,03,21,16,47,36,40
45.3293003,9.6947803,12,62.5,68.3,169.4,21.3,93,2021,03,21,16,47,36,60
45.3292702,9.6947882,12,62.4,68.2,169.4,21.3,93,2021,03,21,16,47,36,80
45.3292395,9.6947962,12,62.7,68.1,169.4,21.3,93,2021,03,21,16,47,37,00
45.3292087,9.6948037,12,62.7,68.0,169.8,21.3,93,2021,03,21,16,47,37,20
45.3291778,9.6948118,12,62.6,68.0,169.8,21.3,93,2021,03,21,16,47,37,40